This is XeTeX, Version 3.141592653-2.6-0.999994 (TeX Live 2022) (preloaded format=xelatex 2022.10.24)  20 NOV 2022 14:03
entering extended mode
 restricted \write18 enabled.
 file:line:error style messages enabled.
 %&-line parsing enabled.
**zjuthesis.tex
(./zjuthesis.tex
LaTeX2e <2022-06-01> patch level 5
L3 programming layer <2022-09-28> (./zjuthesis.cls
Document Class: zjuthesis Zhejiang University Thesis and Design Template, Zixua
n Wang zxwang42@gmail.com
(./config/version.tex)
zjuthesis version: 9.0.0

(/usr/local/texlive/2022/texmf-dist/tex/latex/kvoptions/kvoptions.sty
Package: kvoptions 2022-06-15 v3.15 Key value format for package options (HO)

(/usr/local/texlive/2022/texmf-dist/tex/latex/graphics/keyval.sty
Package: keyval 2022/05/29 v1.15 key=value parser (DPC)
\KV@toks@=\toks16
)
(/usr/local/texlive/2022/texmf-dist/tex/generic/ltxcmds/ltxcmds.sty
Package: ltxcmds 2020-05-10 v1.25 LaTeX kernel commands for general use (HO)
)
(/usr/local/texlive/2022/texmf-dist/tex/latex/kvsetkeys/kvsetkeys.sty
Package: kvsetkeys 2022-10-05 v1.19 Key value parser (HO)
))
Degree: {graduate}
MajorFormat: {cs}
Type: {thesis}
Period: {paper}
BlindReview: {false}
Language: {chinese}
GradLevel: {master}
PrintFilePath: {false}

(/usr/local/texlive/2022/texmf-dist/tex/latex/xifthen/xifthen.sty
Package: xifthen 2015/11/05 v1.4.0 Extended ifthen features

(/usr/local/texlive/2022/texmf-dist/tex/latex/tools/calc.sty
Package: calc 2017/05/25 v4.3 Infix arithmetic (KKT,FJ)
\calc@Acount=\count181
\calc@Bcount=\count182
\calc@Adimen=\dimen138
\calc@Bdimen=\dimen139
\calc@Askip=\skip47
\calc@Bskip=\skip48
LaTeX Info: Redefining \setlength on input line 80.
LaTeX Info: Redefining \addtolength on input line 81.
\calc@Ccount=\count183
\calc@Cskip=\skip49
)
(/usr/local/texlive/2022/texmf-dist/tex/latex/base/ifthen.sty
Package: ifthen 2022/04/13 v1.1d Standard LaTeX ifthen package (DPC)
)
(/usr/local/texlive/2022/texmf-dist/tex/latex/ifmtarg/ifmtarg.sty
Package: ifmtarg 2018/04/16 v1.2b check for an empty argument
))
(/usr/local/texlive/2022/texmf-dist/tex/latex/ctex/ctexrep.cls
(/usr/local/texlive/2022/texmf-dist/tex/latex/ctex/config/ctexbackend.cfg
File: ctexbackend.cfg 2022/07/14 v2.5.10 Backend configuration file (CTEX)
)
(/usr/local/texlive/2022/texmf-dist/tex/latex/l3kernel/expl3.sty
Package: expl3 2022-09-28 L3 programming layer (loader) 

(/usr/local/texlive/2022/texmf-dist/tex/latex/l3backend/l3backend-xetex.def
File: l3backend-xetex.def 2022-09-28 L3 backend support: XeTeX
\g__graphics_track_int=\count184
\l__pdf_internal_box=\box51
\g__pdf_backend_object_int=\count185
\g__pdf_backend_annotation_int=\count186
\g__pdf_backend_link_int=\count187
))
Document Class: ctexrep 2022/07/14 v2.5.10 Chinese adapter for class report (CT
EX)
(/usr/local/texlive/2022/texmf-dist/tex/latex/ctex/ctexhook.sty
Package: ctexhook 2022/07/14 v2.5.10 Document and package hooks (CTEX)
)
(/usr/local/texlive/2022/texmf-dist/tex/latex/ctex/ctexpatch.sty
Package: ctexpatch 2022/07/14 v2.5.10 Patching commands (CTEX)
)
(/usr/local/texlive/2022/texmf-dist/tex/latex/base/fix-cm.sty
Package: fix-cm 2020/11/24 v1.1t fixes to LaTeX

(/usr/local/texlive/2022/texmf-dist/tex/latex/base/ts1enc.def
File: ts1enc.def 2001/06/05 v3.0e (jk/car/fm) Standard LaTeX file
LaTeX Font Info:    Redeclaring font encoding TS1 on input line 47.
))
\l__ctex_tmp_int=\count188
\l__ctex_tmp_box=\box52
\l__ctex_tmp_dim=\dimen140
\g__ctex_section_depth_int=\count189
\g__ctex_font_size_int=\count190

(/usr/local/texlive/2022/texmf-dist/tex/latex/ctex/config/ctexopts.cfg
File: ctexopts.cfg 2022/07/14 v2.5.10 Option configuration file (CTEX)
)
(/usr/local/texlive/2022/texmf-dist/tex/latex/base/report.cls
Document Class: report 2021/10/04 v1.4n Standard LaTeX document class
(/usr/local/texlive/2022/texmf-dist/tex/latex/base/size12.clo
File: size12.clo 2021/10/04 v1.4n Standard LaTeX file (size option)
)
\c@part=\count191
\c@chapter=\count192
\c@section=\count193
\c@subsection=\count194
\c@subsubsection=\count195
\c@paragraph=\count196
\c@subparagraph=\count197
\c@figure=\count198
\c@table=\count199
\abovecaptionskip=\skip50
\belowcaptionskip=\skip51
\bibindent=\dimen141
)
(/usr/local/texlive/2022/texmf-dist/tex/latex/ctex/engine/ctex-engine-xetex.def
File: ctex-engine-xetex.def 2022/07/14 v2.5.10 XeLaTeX adapter (CTEX)
(/usr/local/texlive/2022/texmf-dist/tex/xelatex/xecjk/xeCJK.sty
Package: xeCJK 2022/08/05 v3.9.1 Typesetting CJK scripts with XeLaTeX

(/usr/local/texlive/2022/texmf-dist/tex/latex/l3packages/xtemplate/xtemplate.st
y
Package: xtemplate 2022-06-22 L3 Experimental prototype document functions
\l__xtemplate_tmp_dim=\dimen142
\l__xtemplate_tmp_int=\count266
\l__xtemplate_tmp_muskip=\muskip16
\l__xtemplate_tmp_skip=\skip52
)
\l__xeCJK_tmp_int=\count267
\l__xeCJK_tmp_box=\box53
\l__xeCJK_tmp_dim=\dimen143
\l__xeCJK_tmp_skip=\skip53
\g__xeCJK_space_factor_int=\count268
\l__xeCJK_begin_int=\count269
\l__xeCJK_end_int=\count270
\c__xeCJK_CJK_class_int=\XeTeXcharclass1
\c__xeCJK_FullLeft_class_int=\XeTeXcharclass2
\c__xeCJK_FullRight_class_int=\XeTeXcharclass3
\c__xeCJK_HalfLeft_class_int=\XeTeXcharclass4
\c__xeCJK_HalfRight_class_int=\XeTeXcharclass5
\c__xeCJK_NormalSpace_class_int=\XeTeXcharclass6
\c__xeCJK_CM_class_int=\XeTeXcharclass7
\c__xeCJK_HangulJamo_class_int=\XeTeXcharclass8
\l__xeCJK_last_skip=\skip54
\c__xeCJK_none_node=\count271
\g__xeCJK_node_int=\count272
\c__xeCJK_CJK_node_dim=\dimen144
\c__xeCJK_CJK-space_node_dim=\dimen145
\c__xeCJK_default_node_dim=\dimen146
\c__xeCJK_CJK-widow_node_dim=\dimen147
\c__xeCJK_normalspace_node_dim=\dimen148
\c__xeCJK_default-space_node_skip=\skip55
\l__xeCJK_ccglue_skip=\skip56
\l__xeCJK_ecglue_skip=\skip57
\l__xeCJK_punct_kern_skip=\skip58
\l__xeCJK_indent_box=\box54
\l__xeCJK_last_penalty_int=\count273
\l__xeCJK_last_bound_dim=\dimen149
\l__xeCJK_last_kern_dim=\dimen150
\l__xeCJK_widow_penalty_int=\count274

Package xtemplate Info: Declaring object type 'xeCJK/punctuation' taking 0
(xtemplate)             argument(s) on line 2396.

\l__xeCJK_fixed_punct_width_dim=\dimen151
\l__xeCJK_mixed_punct_width_dim=\dimen152
\l__xeCJK_middle_punct_width_dim=\dimen153
\l__xeCJK_fixed_margin_width_dim=\dimen154
\l__xeCJK_mixed_margin_width_dim=\dimen155
\l__xeCJK_middle_margin_width_dim=\dimen156
\l__xeCJK_bound_punct_width_dim=\dimen157
\l__xeCJK_bound_margin_width_dim=\dimen158
\l__xeCJK_margin_minimum_dim=\dimen159
\l__xeCJK_kerning_total_width_dim=\dimen160
\l__xeCJK_same_align_margin_dim=\dimen161
\l__xeCJK_different_align_margin_dim=\dimen162
\l__xeCJK_kerning_margin_width_dim=\dimen163
\l__xeCJK_kerning_margin_minimum_dim=\dimen164
\l__xeCJK_bound_dim=\dimen165
\l__xeCJK_reverse_bound_dim=\dimen166
\l__xeCJK_margin_dim=\dimen167
\l__xeCJK_minimum_bound_dim=\dimen168
\l__xeCJK_kerning_margin_dim=\dimen169
\g__xeCJK_family_int=\count275
\l__xeCJK_fam_int=\count276
\g__xeCJK_fam_allocation_int=\count277
\l__xeCJK_verb_case_int=\count278
\l__xeCJK_verb_exspace_skip=\skip59
 (/usr/local/texlive/2022/texmf-dist/tex/latex/fontspec/fontspec.sty
(/usr/local/texlive/2022/texmf-dist/tex/latex/l3packages/xparse/xparse.sty
Package: xparse 2022-06-22 L3 Experimental document command parser
)
Package: fontspec 2022/01/15 v2.8a Font selection for XeLaTeX and LuaLaTeX

(/usr/local/texlive/2022/texmf-dist/tex/latex/fontspec/fontspec-xetex.sty
Package: fontspec-xetex 2022/01/15 v2.8a Font selection for XeLaTeX and LuaLaTe
X
\l__fontspec_script_int=\count279
\l__fontspec_language_int=\count280
\l__fontspec_strnum_int=\count281
\l__fontspec_tmp_int=\count282
\l__fontspec_tmpa_int=\count283
\l__fontspec_tmpb_int=\count284
\l__fontspec_tmpc_int=\count285
\l__fontspec_em_int=\count286
\l__fontspec_emdef_int=\count287
\l__fontspec_strong_int=\count288
\l__fontspec_strongdef_int=\count289
\l__fontspec_tmpa_dim=\dimen170
\l__fontspec_tmpb_dim=\dimen171
\l__fontspec_tmpc_dim=\dimen172

(/usr/local/texlive/2022/texmf-dist/tex/latex/base/fontenc.sty
Package: fontenc 2021/04/29 v2.0v Standard LaTeX package
)
(/usr/local/texlive/2022/texmf-dist/tex/latex/fontspec/fontspec.cfg)))
(/usr/local/texlive/2022/texmf-dist/tex/xelatex/xecjk/xeCJK.cfg
File: xeCJK.cfg 2022/08/05 v3.9.1 Configuration file for xeCJK package
))
\ccwd=\dimen173
\l__ctex_ccglue_skip=\skip60
)
\l__ctex_ziju_dim=\dimen174

(/usr/local/texlive/2022/texmf-dist/tex/latex/zhnumber/zhnumber.sty
Package: zhnumber 2022/07/14 v3.0 Typesetting numbers with Chinese glyphs
\l__zhnum_scale_int=\count290
\l__zhnum_tmp_int=\count291

(/usr/local/texlive/2022/texmf-dist/tex/latex/zhnumber/zhnumber-utf8.cfg
File: zhnumber-utf8.cfg 2022/07/14 v3.0 Chinese numerals with UTF8 encoding
))
\l__ctex_heading_skip=\skip61

(/usr/local/texlive/2022/texmf-dist/tex/latex/ctex/scheme/ctex-scheme-chinese-r
eport.def
File: ctex-scheme-chinese-report.def 2022/07/14 v2.5.10 Chinese scheme for repo
rt (CTEX)

(/usr/local/texlive/2022/texmf-dist/tex/latex/ctex/config/ctex-name-utf8.cfg
File: ctex-name-utf8.cfg 2022/07/14 v2.5.10 Caption with encoding UTF-8 (CTEX)
))
(/usr/local/texlive/2022/texmf-dist/tex/latex/ctex/ctex-cs4size.clo
File: ctex-cs4size.clo 2022/07/14 v2.5.10 cs4size option (CTEX)
)
(/usr/local/texlive/2022/texmf-dist/tex/latex/ctex/fontset/ctex-fontset-mac.def
File: ctex-fontset-mac.def 2022/07/14 v2.5.10 macOS fonts definition (CTEX)

(/usr/local/texlive/2022/texmf-dist/tex/latex/ctex/fontset/ctex-fontset-macnew.
def
File: ctex-fontset-macnew.def 2022/07/14 v2.5.10 macOS fonts definition for El 
Capitan or later version (CTEX)


Package fontspec Warning: Font "Songti SC Light" does not contain requested
(fontspec)                Script "CJK".


Package fontspec Info: Font family 'SongtiSCLight(0)' created for font 'Songti
(fontspec)             SC Light' with options
(fontspec)             [Script={CJK},BoldItalicFont={Kaiti SC
(fontspec)             Bold},BoldFont={Songti SC Bold},ItalicFont={Kaiti SC}].
(fontspec)              
(fontspec)              This font family consists of the following NFSS
(fontspec)             series/shapes:
(fontspec)              
(fontspec)             - 'normal' (m/n) with NFSS spec.: <->"Songti SC
(fontspec)             Light/OT:language=dflt;"
(fontspec)             - 'small caps'  (m/sc) with NFSS spec.: 
(fontspec)             - 'bold' (b/n) with NFSS spec.: <->"Songti SC
(fontspec)             Bold/OT:language=dflt;"
(fontspec)             - 'bold small caps'  (b/sc) with NFSS spec.: 
(fontspec)             - 'italic' (m/it) with NFSS spec.: <->"Kaiti
(fontspec)             SC/OT:language=dflt;"
(fontspec)             - 'italic small caps'  (m/scit) with NFSS spec.: 
(fontspec)             - 'bold italic' (b/it) with NFSS spec.: <->"Kaiti SC
(fontspec)             Bold/OT:language=dflt;"
(fontspec)             - 'bold italic small caps'  (b/scit) with NFSS spec.: 

))) (/usr/local/texlive/2022/texmf-dist/tex/latex/ctex/config/ctex.cfg
File: ctex.cfg 2022/07/14 v2.5.10 Configuration file (CTEX)
)
(./config/packages.tex
(/usr/local/texlive/2022/texmf-dist/tex/latex/graphics/graphicx.sty
Package: graphicx 2021/09/16 v1.2d Enhanced LaTeX Graphics (DPC,SPQR)

(/usr/local/texlive/2022/texmf-dist/tex/latex/graphics/graphics.sty
Package: graphics 2022/03/10 v1.4e Standard LaTeX Graphics (DPC,SPQR)

(/usr/local/texlive/2022/texmf-dist/tex/latex/graphics/trig.sty
Package: trig 2021/08/11 v1.11 sin cos tan (DPC)
)
(/usr/local/texlive/2022/texmf-dist/tex/latex/graphics-cfg/graphics.cfg
File: graphics.cfg 2016/06/04 v1.11 sample graphics configuration
)
Package graphics Info: Driver file: xetex.def on input line 107.

(/usr/local/texlive/2022/texmf-dist/tex/latex/graphics-def/xetex.def
File: xetex.def 2022/09/22 v5.0n Graphics/color driver for xetex
\stockwidth=\dimen175
\stockheight=\dimen176
))
\Gin@req@height=\dimen177
\Gin@req@width=\dimen178
)
(/usr/local/texlive/2022/texmf-dist/tex/latex/geometry/geometry.sty
Package: geometry 2020/01/02 v5.9 Page Geometry

(/usr/local/texlive/2022/texmf-dist/tex/generic/iftex/ifvtex.sty
Package: ifvtex 2019/10/25 v1.7 ifvtex legacy package. Use iftex instead.

(/usr/local/texlive/2022/texmf-dist/tex/generic/iftex/iftex.sty
Package: iftex 2022/02/03 v1.0f TeX engine tests
))
\Gm@cnth=\count292
\Gm@cntv=\count293
\c@Gm@tempcnt=\count294
\Gm@bindingoffset=\dimen179
\Gm@wd@mp=\dimen180
\Gm@odd@mp=\dimen181
\Gm@even@mp=\dimen182
\Gm@layoutwidth=\dimen183
\Gm@layoutheight=\dimen184
\Gm@layouthoffset=\dimen185
\Gm@layoutvoffset=\dimen186
\Gm@dimlist=\toks17
)
(/usr/local/texlive/2022/texmf-dist/tex/latex/tools/tabularx.sty
Package: tabularx 2020/01/15 v2.11c `tabularx' package (DPC)

(/usr/local/texlive/2022/texmf-dist/tex/latex/tools/array.sty
Package: array 2022/03/10 v2.5f Tabular extension package (FMi)
\col@sep=\dimen187
\ar@mcellbox=\box55
\extrarowheight=\dimen188
\NC@list=\toks18
\extratabsurround=\skip62
\backup@length=\skip63
\ar@cellbox=\box56
)
\TX@col@width=\dimen189
\TX@old@table=\dimen190
\TX@old@col=\dimen191
\TX@target=\dimen192
\TX@delta=\dimen193
\TX@cols=\count295
\TX@ftn=\toks19
)
(/usr/local/texlive/2022/texmf-dist/tex/latex/multido/multido.sty
Package: multido 2004/05/17 package wrapper for PSTricks `multido.tex', (HV/RN)


(/usr/local/texlive/2022/texmf-dist/tex/generic/multido/multido.tex
 v1.42, 2010/05/14 <tvz>
\multido@count=\count296
\multidocount=\count297
\multido@stuff=\toks20
)
File: multido.tex 2010/05/14 v1.42 `multido' (tvz,hv)
)
(/usr/local/texlive/2022/texmf-dist/tex/latex/fancyhdr/fancyhdr.sty
Package: fancyhdr 2022/05/18 v4.0.3 Extensive control of page headers and foote
rs
\f@nch@headwidth=\skip64
\f@nch@O@elh=\skip65
\f@nch@O@erh=\skip66
\f@nch@O@olh=\skip67
\f@nch@O@orh=\skip68
\f@nch@O@elf=\skip69
\f@nch@O@erf=\skip70
\f@nch@O@olf=\skip71
\f@nch@O@orf=\skip72
)
(/usr/local/texlive/2022/texmf-dist/tex/latex/titlesec/titlesec.sty
Package: titlesec 2021/07/05 v2.14 Sectioning titles
\ttl@box=\box57
\beforetitleunit=\skip73
\aftertitleunit=\skip74
\ttl@plus=\dimen194
\ttl@minus=\dimen195
\ttl@toksa=\toks21
\titlewidth=\dimen196
\titlewidthlast=\dimen197
\titlewidthfirst=\dimen198
)
(/usr/local/texlive/2022/texmf-dist/tex/latex/tocloft/tocloft.sty
Package: tocloft 2017/08/31 v2.3i parameterised ToC, etc., typesetting
Package tocloft Info: The document has chapter divisions on input line 51.
\cftparskip=\skip75
\cftbeforetoctitleskip=\skip76
\cftaftertoctitleskip=\skip77
\cftbeforepartskip=\skip78
\cftpartnumwidth=\skip79
\cftpartindent=\skip80
\cftbeforechapskip=\skip81
\cftchapindent=\skip82
\cftchapnumwidth=\skip83
\cftbeforesecskip=\skip84
\cftsecindent=\skip85
\cftsecnumwidth=\skip86
\cftbeforesubsecskip=\skip87
\cftsubsecindent=\skip88
\cftsubsecnumwidth=\skip89
\cftbeforesubsubsecskip=\skip90
\cftsubsubsecindent=\skip91
\cftsubsubsecnumwidth=\skip92
\cftbeforeparaskip=\skip93
\cftparaindent=\skip94
\cftparanumwidth=\skip95
\cftbeforesubparaskip=\skip96
\cftsubparaindent=\skip97
\cftsubparanumwidth=\skip98
\cftbeforeloftitleskip=\skip99
\cftafterloftitleskip=\skip100
\cftbeforefigskip=\skip101
\cftfigindent=\skip102
\cftfignumwidth=\skip103
\c@lofdepth=\count298
\c@lotdepth=\count299
\cftbeforelottitleskip=\skip104
\cftafterlottitleskip=\skip105
\cftbeforetabskip=\skip106
\cfttabindent=\skip107
\cfttabnumwidth=\skip108
)
(/usr/local/texlive/2022/texmf-dist/tex/latex/multirow/multirow.sty
Package: multirow 2021/03/15 v2.8 Span multiple rows of a table
\multirow@colwidth=\skip109
\multirow@cntb=\count300
\multirow@dima=\skip110
\bigstrutjot=\dimen199
)
(/usr/local/texlive/2022/texmf-dist/tex/latex/makecell/makecell.sty
Package: makecell 2009/08/03 V0.1e Managing of Tab Column Heads and Cells
\rotheadsize=\dimen256
\c@nlinenum=\count301
\TeXr@lab=\toks22
)
(/usr/local/texlive/2022/texmf-dist/tex/latex/hyperref/hyperref.sty
Package: hyperref 2022-09-22 v7.00t Hypertext links for LaTeX

(/usr/local/texlive/2022/texmf-dist/tex/generic/pdftexcmds/pdftexcmds.sty
Package: pdftexcmds 2020-06-27 v0.33 Utility functions of pdfTeX for LuaTeX (HO
)

(/usr/local/texlive/2022/texmf-dist/tex/generic/infwarerr/infwarerr.sty
Package: infwarerr 2019/12/03 v1.5 Providing info/warning/error messages (HO)
)
Package pdftexcmds Info: \pdf@primitive is available.
Package pdftexcmds Info: \pdf@ifprimitive is available.
Package pdftexcmds Info: \pdfdraftmode not found.
)
(/usr/local/texlive/2022/texmf-dist/tex/generic/kvdefinekeys/kvdefinekeys.sty
Package: kvdefinekeys 2019-12-19 v1.6 Define keys (HO)
)
(/usr/local/texlive/2022/texmf-dist/tex/generic/pdfescape/pdfescape.sty
Package: pdfescape 2019/12/09 v1.15 Implements pdfTeX's escape features (HO)
)
(/usr/local/texlive/2022/texmf-dist/tex/latex/hycolor/hycolor.sty
Package: hycolor 2020-01-27 v1.10 Color options for hyperref/bookmark (HO)
)
(/usr/local/texlive/2022/texmf-dist/tex/latex/letltxmacro/letltxmacro.sty
Package: letltxmacro 2019/12/03 v1.6 Let assignment for LaTeX macros (HO)
)
(/usr/local/texlive/2022/texmf-dist/tex/latex/auxhook/auxhook.sty
Package: auxhook 2019-12-17 v1.6 Hooks for auxiliary files (HO)
)
(/usr/local/texlive/2022/texmf-dist/tex/latex/hyperref/nameref.sty
Package: nameref 2022-05-17 v2.50 Cross-referencing by name of section

(/usr/local/texlive/2022/texmf-dist/tex/latex/refcount/refcount.sty
Package: refcount 2019/12/15 v3.6 Data extraction from label references (HO)
)
(/usr/local/texlive/2022/texmf-dist/tex/generic/gettitlestring/gettitlestring.s
ty
Package: gettitlestring 2019/12/15 v1.6 Cleanup title references (HO)
)
\c@section@level=\count302
)
\@linkdim=\dimen257
\Hy@linkcounter=\count303
\Hy@pagecounter=\count304
 (/usr/local/texlive/2022/texmf-dist/tex/latex/hyperref/pd1enc.def
File: pd1enc.def 2022-09-22 v7.00t Hyperref: PDFDocEncoding definition (HO)
)
(/usr/local/texlive/2022/texmf-dist/tex/generic/intcalc/intcalc.sty
Package: intcalc 2019/12/15 v1.3 Expandable calculations with integers (HO)
)
(/usr/local/texlive/2022/texmf-dist/tex/generic/etexcmds/etexcmds.sty
Package: etexcmds 2019/12/15 v1.7 Avoid name clashes with e-TeX commands (HO)
)
\Hy@SavedSpaceFactor=\count305

(/usr/local/texlive/2022/texmf-dist/tex/latex/hyperref/puenc.def
File: puenc.def 2022-09-22 v7.00t Hyperref: PDF Unicode definition (HO)
)
Package hyperref Info: Option `unicode' set `true' on input line 4045.
Package hyperref Info: Hyper figures OFF on input line 4162.
Package hyperref Info: Link nesting OFF on input line 4167.
Package hyperref Info: Hyper index ON on input line 4170.
Package hyperref Info: Plain pages OFF on input line 4177.
Package hyperref Info: Backreferencing OFF on input line 4182.
Package hyperref Info: Implicit mode ON; LaTeX internals redefined.
Package hyperref Info: Bookmarks ON on input line 4410.
\c@Hy@tempcnt=\count306

(/usr/local/texlive/2022/texmf-dist/tex/latex/url/url.sty
\Urlmuskip=\muskip17
Package: url 2013/09/16  ver 3.4  Verb mode for urls, etc.
)
LaTeX Info: Redefining \url on input line 4748.
\XeTeXLinkMargin=\dimen258

(/usr/local/texlive/2022/texmf-dist/tex/generic/bitset/bitset.sty
Package: bitset 2019/12/09 v1.3 Handle bit-vector datatype (HO)

(/usr/local/texlive/2022/texmf-dist/tex/generic/bigintcalc/bigintcalc.sty
Package: bigintcalc 2019/12/15 v1.5 Expandable calculations on big integers (HO
)
))
\Fld@menulength=\count307
\Field@Width=\dimen259
\Fld@charsize=\dimen260
Package hyperref Info: Hyper figures OFF on input line 6027.
Package hyperref Info: Link nesting OFF on input line 6032.
Package hyperref Info: Hyper index ON on input line 6035.
Package hyperref Info: backreferencing OFF on input line 6042.
Package hyperref Info: Link coloring OFF on input line 6047.
Package hyperref Info: Link coloring with OCG OFF on input line 6052.
Package hyperref Info: PDF/A mode OFF on input line 6057.

(/usr/local/texlive/2022/texmf-dist/tex/latex/base/atbegshi-ltx.sty
Package: atbegshi-ltx 2021/01/10 v1.0c Emulation of the original atbegshi
package with kernel methods
)
\Hy@abspage=\count308
\c@Item=\count309
\c@Hfootnote=\count310
)
Package hyperref Info: Driver (autodetected): hxetex.

(/usr/local/texlive/2022/texmf-dist/tex/latex/hyperref/hxetex.def
File: hxetex.def 2022-09-22 v7.00t Hyperref driver for XeTeX

(/usr/local/texlive/2022/texmf-dist/tex/generic/stringenc/stringenc.sty
Package: stringenc 2019/11/29 v1.12 Convert strings between diff. encodings (HO
)
)
\pdfm@box=\box58
\c@Hy@AnnotLevel=\count311
\HyField@AnnotCount=\count312
\Fld@listcount=\count313
\c@bookmark@seq@number=\count314

(/usr/local/texlive/2022/texmf-dist/tex/latex/rerunfilecheck/rerunfilecheck.sty
Package: rerunfilecheck 2022-07-10 v1.10 Rerun checks for auxiliary files (HO)
(/usr/local/texlive/2022/texmf-dist/tex/latex/base/atveryend-ltx.sty
Package: atveryend-ltx 2020/08/19 v1.0a Emulation of the original atveryend pac
kage
with kernel methods
)
(/usr/local/texlive/2022/texmf-dist/tex/generic/uniquecounter/uniquecounter.sty
Package: uniquecounter 2019/12/15 v1.4 Provide unlimited unique counter (HO)
)
Package uniquecounter Info: New unique counter `rerunfilecheck' on input line 2
85.
)
\Hy@SectionHShift=\skip111
) (/usr/local/texlive/2022/texmf-dist/tex/generic/ulem/ulem.sty
\UL@box=\box59
\UL@hyphenbox=\box60
\UL@skip=\skip112
\UL@hook=\toks23
\UL@height=\dimen261
\UL@pe=\count315
\UL@pixel=\dimen262
\ULC@box=\box61
Package: ulem 2019/11/18
\ULdepth=\dimen263
)
(/usr/local/texlive/2022/texmf-dist/tex/latex/pdfpages/pdfpages.sty
Package: pdfpages 2022/10/09 v0.5w Insert pages of external PDF documents (AM)

(/usr/local/texlive/2022/texmf-dist/tex/latex/eso-pic/eso-pic.sty
Package: eso-pic 2020/10/14 v3.0a eso-pic (RN)
\ESO@tempdima=\dimen264
\ESO@tempdimb=\dimen265

(/usr/local/texlive/2022/texmf-dist/tex/latex/xcolor/xcolor.sty
Package: xcolor 2022/06/12 v2.14 LaTeX color extensions (UK)

(/usr/local/texlive/2022/texmf-dist/tex/latex/graphics-cfg/color.cfg
File: color.cfg 2016/01/02 v1.6 sample color configuration
)
Package xcolor Info: Driver file: xetex.def on input line 227.

(/usr/local/texlive/2022/texmf-dist/tex/latex/graphics/mathcolor.ltx)
Package xcolor Info: Model `cmy' substituted by `cmy0' on input line 1353.
Package xcolor Info: Model `RGB' extended on input line 1369.
Package xcolor Info: Model `HTML' substituted by `rgb' on input line 1371.
Package xcolor Info: Model `Hsb' substituted by `hsb' on input line 1372.
Package xcolor Info: Model `tHsb' substituted by `hsb' on input line 1373.
Package xcolor Info: Model `HSB' substituted by `hsb' on input line 1374.
Package xcolor Info: Model `Gray' substituted by `gray' on input line 1375.
Package xcolor Info: Model `wave' substituted by `hsb' on input line 1376.
))
\AM@pagewidth=\dimen266
\AM@pageheight=\dimen267
\AM@fboxrule=\dimen268

(/usr/local/texlive/2022/texmf-dist/tex/latex/pdfpages/ppxetex.def
File: ppxetex.def 2022/10/09 v0.5w Pdfpages driver for XeTeX (AM)
)
\pdfpages@includegraphics@status=\count316
\AM@pagebox=\box62
\AM@global@opts=\toks24
\AM@pagecnt=\count317
\AM@toc@title=\toks25
\c@AM@survey=\count318
\AM@templatesizebox=\box63
)
(/usr/local/texlive/2022/texmf-dist/tex/latex/biblatex/biblatex.sty
Package: biblatex 2022/07/12 v3.18b programmable bibliographies (PK/MW)

(/usr/local/texlive/2022/texmf-dist/tex/latex/etoolbox/etoolbox.sty
Package: etoolbox 2020/10/05 v2.5k e-TeX tools for LaTeX (JAW)
\etb@tempcnta=\count319
)
(/usr/local/texlive/2022/texmf-dist/tex/latex/logreq/logreq.sty
Package: logreq 2010/08/04 v1.0 xml request logger
\lrq@indent=\count320

(/usr/local/texlive/2022/texmf-dist/tex/latex/logreq/logreq.def
File: logreq.def 2010/08/04 v1.0 logreq spec v1.0
))
\c@tabx@nest=\count321
\c@listtotal=\count322
\c@listcount=\count323
\c@liststart=\count324
\c@liststop=\count325
\c@citecount=\count326
\c@citetotal=\count327
\c@multicitecount=\count328
\c@multicitetotal=\count329
\c@instcount=\count330
\c@maxnames=\count331
\c@minnames=\count332
\c@maxitems=\count333
\c@minitems=\count334
\c@citecounter=\count335
\c@maxcitecounter=\count336
\c@savedcitecounter=\count337
\c@uniquelist=\count338
\c@uniquename=\count339
\c@refsection=\count340
\c@refsegment=\count341
\c@maxextratitle=\count342
\c@maxextratitleyear=\count343
\c@maxextraname=\count344
\c@maxextradate=\count345
\c@maxextraalpha=\count346
\c@abbrvpenalty=\count347
\c@highnamepenalty=\count348
\c@lownamepenalty=\count349
\c@maxparens=\count350
\c@parenlevel=\count351
\blx@tempcnta=\count352
\blx@tempcntb=\count353
\blx@tempcntc=\count354
\c@blx@maxsection=\count355
\blx@maxsegment@0=\count356
\blx@notetype=\count357
\blx@parenlevel@text=\count358
\blx@parenlevel@foot=\count359
\blx@sectionciteorder@0=\count360
\blx@sectionciteorderinternal@0=\count361
\blx@entrysetcounter=\count362
\blx@biblioinstance=\count363
\labelnumberwidth=\skip113
\labelalphawidth=\skip114
\biblabelsep=\skip115
\bibitemsep=\skip116
\bibnamesep=\skip117
\bibinitsep=\skip118
\bibparsep=\skip119
\bibhang=\skip120
\blx@bcfin=\read2
\blx@bcfout=\write3
\blx@langwohyphens=\language87
\c@mincomprange=\count364
\c@maxcomprange=\count365
\c@mincompwidth=\count366
Package biblatex Info: Trying to load biblatex default data model...
Package biblatex Info: ... file 'blx-dm.def' found.

(/usr/local/texlive/2022/texmf-dist/tex/latex/biblatex/blx-dm.def
File: blx-dm.def 2022/07/12 v3.18b biblatex localization (PK/MW)
)
Package biblatex Info: Trying to load biblatex style data model...
Package biblatex Info: ... file 'gb7714-2015.dbx' not found.
Package biblatex Info: Trying to load biblatex custom data model...
Package biblatex Info: ... file 'biblatex-dm.cfg' not found.
\c@afterword=\count367
\c@savedafterword=\count368
\c@annotator=\count369
\c@savedannotator=\count370
\c@author=\count371
\c@savedauthor=\count372
\c@bookauthor=\count373
\c@savedbookauthor=\count374
\c@commentator=\count375
\c@savedcommentator=\count376
\c@editor=\count377
\c@savededitor=\count378
\c@editora=\count379
\c@savededitora=\count380
\c@editorb=\count381
\c@savededitorb=\count382
\c@editorc=\count383
\c@savededitorc=\count384
\c@foreword=\count385
\c@savedforeword=\count386
\c@holder=\count387
\c@savedholder=\count388
\c@introduction=\count389
\c@savedintroduction=\count390
\c@namea=\count391
\c@savednamea=\count392
\c@nameb=\count393
\c@savednameb=\count394
\c@namec=\count395
\c@savednamec=\count396
\c@translator=\count397
\c@savedtranslator=\count398
\c@shortauthor=\count399
\c@savedshortauthor=\count400
\c@shorteditor=\count401
\c@savedshorteditor=\count402
\c@labelname=\count403
\c@savedlabelname=\count404
\c@institution=\count405
\c@savedinstitution=\count406
\c@lista=\count407
\c@savedlista=\count408
\c@listb=\count409
\c@savedlistb=\count410
\c@listc=\count411
\c@savedlistc=\count412
\c@listd=\count413
\c@savedlistd=\count414
\c@liste=\count415
\c@savedliste=\count416
\c@listf=\count417
\c@savedlistf=\count418
\c@location=\count419
\c@savedlocation=\count420
\c@organization=\count421
\c@savedorganization=\count422
\c@origlocation=\count423
\c@savedoriglocation=\count424
\c@origpublisher=\count425
\c@savedorigpublisher=\count426
\c@publisher=\count427
\c@savedpublisher=\count428
\c@language=\count429
\c@savedlanguage=\count430
\c@origlanguage=\count431
\c@savedoriglanguage=\count432
\c@pageref=\count433
\c@savedpageref=\count434
\shorthandwidth=\skip121
\shortjournalwidth=\skip122
\shortserieswidth=\skip123
\shorttitlewidth=\skip124
\shortauthorwidth=\skip125
\shorteditorwidth=\skip126
\locallabelnumberwidth=\skip127
\locallabelalphawidth=\skip128
\localshorthandwidth=\skip129
\localshortjournalwidth=\skip130
\localshortserieswidth=\skip131
\localshorttitlewidth=\skip132
\localshortauthorwidth=\skip133
\localshorteditorwidth=\skip134
Package biblatex Info: Trying to load enhanced support for Unicode engines...
Package biblatex Info: ... file 'blx-unicode.def' found.

(/usr/local/texlive/2022/texmf-dist/tex/latex/biblatex/blx-unicode.def)
Package biblatex Info: Trying to load compatibility code...
Package biblatex Info: ... file 'blx-compat.def' found.

(/usr/local/texlive/2022/texmf-dist/tex/latex/biblatex/blx-compat.def
File: blx-compat.def 2022/07/12 v3.18b biblatex compatibility (PK/MW)
)
Package biblatex Info: Trying to load generic definitions...
Package biblatex Info: ... file 'biblatex.def' found.

(/usr/local/texlive/2022/texmf-dist/tex/latex/biblatex/biblatex.def
File: biblatex.def 2022/07/12 v3.18b biblatex compatibility (PK/MW)
\c@textcitecount=\count435
\c@textcitetotal=\count436
\c@textcitemaxnames=\count437
\c@biburlbigbreakpenalty=\count438
\c@biburlbreakpenalty=\count439
\c@biburlnumpenalty=\count440
\c@biburlucpenalty=\count441
\c@biburllcpenalty=\count442
\biburlbigskip=\muskip18
\biburlnumskip=\muskip19
\biburlucskip=\muskip20
\biburllcskip=\muskip21
\c@smartand=\count443
)
Package biblatex Info: Trying to load bibliography style 'gb7714-2015'...
Package biblatex Info: ... file 'gb7714-2015.bbx' found.

(/usr/local/texlive/2022/texmf-dist/tex/latex/biblatex-gb7714-2015/gb7714-2015.
bbx
File: gb7714-2015.bbx 2022/08/29 v1.1jbiblatex bibliography style
Package biblatex Info: Trying to load bibliography style 'numeric-comp'...
Package biblatex Info: ... file 'numeric-comp.bbx' found.
 (/usr/local/texlive/2022/texmf-dist/tex/latex/biblatex/bbx/numeric-comp.bbx
File: numeric-comp.bbx 2022/07/12 v3.18b biblatex bibliography style (PK/MW)
Package biblatex Info: Trying to load bibliography style 'numeric'...
Package biblatex Info: ... file 'numeric.bbx' found.
(/usr/local/texlive/2022/texmf-dist/tex/latex/biblatex/bbx/numeric.bbx
File: numeric.bbx 2022/07/12 v3.18b biblatex bibliography style (PK/MW)
Package biblatex Info: Trying to load bibliography style 'standard'...
Package biblatex Info: ... file 'standard.bbx' found.

(/usr/local/texlive/2022/texmf-dist/tex/latex/biblatex/bbx/standard.bbx
File: standard.bbx 2022/07/12 v3.18b biblatex bibliography style (PK/MW)
\c@bbx:relatedcount=\count444
\c@bbx:relatedtotal=\count445
)))
(/usr/local/texlive/2022/texmf-dist/tex/generic/xstring/xstring.sty
(/usr/local/texlive/2022/texmf-dist/tex/generic/xstring/xstring.tex
\integerpart=\count446
\decimalpart=\count447
)
Package: xstring 2021/07/21 v1.84 String manipulations (CT)
)
\BracketLift=\skip135
\footbibmargin=\skip136
\footbiblabelsep=\skip137
\c@gbnamefmtcase=\count448
\c@gbalignlabel=\count449
\c@gbcitelocalcase=\count450
\c@gbbiblocalcase=\count451
\c@lanordernum=\count452
\bibitemindent=\skip138
\biblabelextend=\skip139
Package biblatex Info: Delimiter 'finalnamedelim' in context '' already defined
, overwriting.
)
Package biblatex Info: Trying to load citation style 'gb7714-2015'...
Package biblatex Info: ... file 'gb7714-2015.cbx' found.

(/usr/local/texlive/2022/texmf-dist/tex/latex/biblatex-gb7714-2015/gb7714-2015.
cbx
File: gb7714-2015.cbx a biblatex citation style for GB/T 7714-2015
Package biblatex Info: Trying to load citation style 'numeric-comp'...
Package biblatex Info: ... file 'numeric-comp.cbx' found.
 (/usr/local/texlive/2022/texmf-dist/tex/latex/biblatex/cbx/numeric-comp.cbx
File: numeric-comp.cbx 2022/07/12 v3.18b biblatex citation style (PK/MW)
\c@cbx@tempcnta=\count453
\c@cbx@tempcntb=\count454
\c@cbx@tempcntc=\count455
\c@cbx@tempcntd=\count456
Package biblatex Info: Redefining '\cite'.
Package biblatex Info: Redefining '\parencite'.
Package biblatex Info: Redefining '\footcite'.
Package biblatex Info: Redefining '\footcitetext'.
Package biblatex Info: Redefining '\smartcite'.
Package biblatex Info: Redefining '\supercite'.
Package biblatex Info: Redefining '\textcite'.
Package biblatex Info: Redefining '\textcites'.
Package biblatex Info: Redefining '\cites'.
Package biblatex Info: Redefining '\parencites'.
Package biblatex Info: Redefining '\smartcites'.
)
Package biblatex Info: Redefining '\cite'.
Package biblatex Info: Redefining '\parencite'.
Package biblatex Info: Redefining '\cbx@textcite'.
)
Package biblatex Info: Trying to load configuration file...
Package biblatex Info: ... file 'biblatex.cfg' found.
 (/usr/local/texlive/2022/texmf-dist/tex/latex/biblatex/biblatex.cfg
File: biblatex.cfg 
)
Package biblatex Info: XeTeX detected.
(biblatex)             Assuming input encoding 'utf8'.
Package biblatex Info: Document encoding is UTF8 ....
Package biblatex Info: ... and expl3
(biblatex)             2022-09-28 L3 programming layer (loader) 
(biblatex)             is new enough (at least 2020/04/06),
(biblatex)             setting 'casechanger=expl3'.

(/usr/local/texlive/2022/texmf-dist/tex/latex/biblatex/blx-case-expl3.sty
Package: blx-case-expl3 2022/07/12 v3.18b expl3 case changing code for biblatex

))
(/usr/local/texlive/2022/texmf-dist/tex/latex/siunitx/siunitx.sty
Package: siunitx 2022-10-04 v3.1.8 A comprehensive (SI) units package
\l__siunitx_angle_tmp_dim=\dimen269
\l__siunitx_angle_marker_box=\box64
\l__siunitx_angle_unit_box=\box65
\l__siunitx_compound_count_int=\count457

(/usr/local/texlive/2022/texmf-dist/tex/latex/translations/translations.sty
Package: translations 2022/02/05 v1.12 internationalization of LaTeX2e packages
 (CN)
)
\l__siunitx_number_exponent_fixed_int=\count458
\l__siunitx_number_min_decimal_int=\count459
\l__siunitx_number_min_integer_int=\count460
\l__siunitx_number_round_precision_int=\count461
\l__siunitx_number_group_first_int=\count462
\l__siunitx_number_group_size_int=\count463
\l__siunitx_number_group_minimum_int=\count464

(/usr/local/texlive/2022/texmf-dist/tex/latex/amsmath/amstext.sty
Package: amstext 2021/08/26 v2.01 AMS text

(/usr/local/texlive/2022/texmf-dist/tex/latex/amsmath/amsgen.sty
File: amsgen.sty 1999/11/30 v2.0 generic functions
\@emptytoks=\toks26
\ex@=\dimen270
))
\l__siunitx_table_tmp_box=\box66
\l__siunitx_table_tmp_dim=\dimen271
\l__siunitx_table_column_width_dim=\dimen272
\l__siunitx_table_integer_box=\box67
\l__siunitx_table_decimal_box=\box68
\l__siunitx_table_before_box=\box69
\l__siunitx_table_after_box=\box70
\l__siunitx_table_before_dim=\dimen273
\l__siunitx_table_carry_dim=\dimen274
\l__siunitx_unit_tmp_int=\count465
\l__siunitx_unit_position_int=\count466
\l__siunitx_unit_total_int=\count467
)
(/usr/local/texlive/2022/texmf-dist/tex/latex/caption/caption.sty
Package: caption 2022/03/01 v3.6b Customizing captions (AR)

(/usr/local/texlive/2022/texmf-dist/tex/latex/caption/caption3.sty
Package: caption3 2022/03/17 v2.3b caption3 kernel (AR)
\caption@tempdima=\dimen275
\captionmargin=\dimen276
\caption@leftmargin=\dimen277
\caption@rightmargin=\dimen278
\caption@width=\dimen279
\caption@indent=\dimen280
\caption@parindent=\dimen281
\caption@hangindent=\dimen282
Package caption Info: Standard document class detected.
)
\c@caption@flags=\count468
\c@continuedfloat=\count469
Package caption Info: hyperref package is loaded.
)
(/usr/local/texlive/2022/texmf-dist/tex/latex/chngcntr/chngcntr.sty
Package: chngcntr 2018/04/09 v1.1a change counter resetting
Package chngcntr Info: \counterwithout already defined.
(chngcntr)             Quitting chngcntr on input line 21.
)
(/usr/local/texlive/2022/texmf-dist/tex/latex/enumitem/enumitem.sty
Package: enumitem 2019/06/20 v3.9 Customized lists
\labelindent=\skip140
\enit@outerparindent=\dimen283
\enit@toks=\toks27
\enit@inbox=\box71
\enit@count@id=\count470
\enitdp@description=\count471
)
(/usr/local/texlive/2022/texmf-dist/tex/latex/float/float.sty
Package: float 2001/11/08 v1.3d Float enhancements (AL)
\c@float@type=\count472
\float@exts=\toks28
\float@box=\box72
\@float@everytoks=\toks29
\@floatcapt=\box73
)
(/usr/local/texlive/2022/texmf-dist/tex/latex/listings/listings.sty
\lst@mode=\count473
\lst@gtempboxa=\box74
\lst@token=\toks30
\lst@length=\count474
\lst@currlwidth=\dimen284
\lst@column=\count475
\lst@pos=\count476
\lst@lostspace=\dimen285
\lst@width=\dimen286
\lst@newlines=\count477
\lst@lineno=\count478
\lst@maxwidth=\dimen287

(/usr/local/texlive/2022/texmf-dist/tex/latex/listings/lstmisc.sty
File: lstmisc.sty 2020/03/24 1.8d (Carsten Heinz)
\c@lstnumber=\count479
\lst@skipnumbers=\count480
\lst@framebox=\box75
)
(/usr/local/texlive/2022/texmf-dist/tex/latex/listings/listings.cfg
File: listings.cfg 2020/03/24 1.8d listings configuration
))
Package: listings 2020/03/24 1.8d (Carsten Heinz)

(/usr/local/texlive/2022/texmf-dist/tex/xelatex/xecjk/xeCJK-listings.sty
Package: xeCJK-listings 2022/08/05 v3.9.1 xeCJK patch file for listings
\l__xeCJK_listings_max_char_int=\count481
\l__xeCJK_listings_flag_int=\count482
)
(/usr/local/texlive/2022/texmf-dist/tex/latex/amsfonts/amssymb.sty
Package: amssymb 2013/01/14 v3.01 AMS font symbols

(/usr/local/texlive/2022/texmf-dist/tex/latex/amsfonts/amsfonts.sty
Package: amsfonts 2013/01/14 v3.01 Basic AMSFonts support
\symAMSa=\mathgroup4
\symAMSb=\mathgroup5
LaTeX Font Info:    Redeclaring math symbol \hbar on input line 98.
LaTeX Font Info:    Overwriting math alphabet `\mathfrak' in version `bold'
(Font)                  U/euf/m/n --> U/euf/b/n on input line 106.
))
(/usr/local/texlive/2022/texmf-dist/tex/latex/bookmark/bookmark.sty
Package: bookmark 2020-11-06 v1.29 PDF bookmarks (HO)

(/usr/local/texlive/2022/texmf-dist/tex/latex/bookmark/bkm-dvipdfm.def
File: bkm-dvipdfm.def 2020-11-06 v1.29 bookmark driver for dvipdfm (HO)
\BKM@id=\count483
))
(/usr/local/texlive/2022/texmf-dist/tex/latex/tools/longtable.sty
Package: longtable 2021-09-01 v4.17 Multi-page Table package (DPC)
\LTleft=\skip141
\LTright=\skip142
\LTpre=\skip143
\LTpost=\skip144
\LTchunksize=\count484
\LTcapwidth=\dimen288
\LT@head=\box76
\LT@firsthead=\box77
\LT@foot=\box78
\LT@lastfoot=\box79
\LT@gbox=\box80
\LT@cols=\count485
\LT@rows=\count486
\c@LT@tables=\count487
\c@LT@chunks=\count488
\LT@p@ftn=\toks31
))
(/usr/local/texlive/2022/texmf-dist/tex/latex/booktabs/booktabs.sty
Package: booktabs 2020/01/12 v1.61803398 Publication quality tables
\heavyrulewidth=\dimen289
\lightrulewidth=\dimen290
\cmidrulewidth=\dimen291
\belowrulesep=\dimen292
\belowbottomsep=\dimen293
\aboverulesep=\dimen294
\abovetopsep=\dimen295
\cmidrulesep=\dimen296
\cmidrulekern=\dimen297
\defaultaddspace=\dimen298
\@cmidla=\count489
\@cmidlb=\count490
\@aboverulesep=\dimen299
\@belowrulesep=\dimen300
\@thisruleclass=\count491
\@lastruleclass=\count492
\@thisrulewidth=\dimen301
)
(./config/path.tex) (./config/commands.tex) (./config/format/format.tex
(./config/format/major/cs/packages.tex
(/usr/local/texlive/2022/texmf-dist/tex/latex/diagbox/diagbox.sty
Package: diagbox 2020/02/09 v2.3 Making table heads with diagonal lines

(/usr/local/texlive/2022/texmf-dist/tex/latex/pict2e/pict2e.sty
Package: pict2e 2020/09/30 v0.4b Improved picture commands (HjG,RN,JT)

(/usr/local/texlive/2022/texmf-dist/tex/latex/pict2e/pict2e.cfg
File: pict2e.cfg 2016/02/05 v0.1u pict2e configuration for teTeX/TeXLive
)
Package pict2e Info: Driver file: xetex.def on input line 112.
Package pict2e Info: Driver file for pict2e: p2e-xetex.def on input line 114.

(/usr/local/texlive/2022/texmf-dist/tex/latex/pict2e/p2e-xetex.def
File: p2e-xetex.def 2016/02/05 v0.1u Driver-dependant file (RN,HjG,JT)
)
\pIIe@GRAPH=\toks32
\@arclen=\dimen302
\@arcrad=\dimen303
\pIIe@tempdima=\dimen304
\pIIe@tempdimb=\dimen305
\pIIe@tempdimc=\dimen306
\pIIe@tempdimd=\dimen307
\pIIe@tempdime=\dimen308
\pIIe@tempdimf=\dimen309
)
\diagbox@boxa=\box81
\diagbox@boxb=\box82
\diagbox@boxm=\box83
\diagbox@wd=\dimen310
\diagbox@ht=\dimen311
\diagbox@insepl=\dimen312
\diagbox@insepr=\dimen313
\diagbox@outsepl=\dimen314
\diagbox@outsepr=\dimen315
)
(/usr/local/texlive/2022/texmf-dist/tex/latex/subfig/subfig.sty
Package: subfig 2005/06/28 ver: 1.3 subfig package
\c@KVtest=\count493
\sf@farskip=\skip145
\sf@captopadj=\dimen316
\sf@capskip=\skip146
\sf@nearskip=\skip147
\c@subfigure=\count494
\c@subfigure@save=\count495
\c@subtable=\count496
\c@subtable@save=\count497
\sf@top=\skip148
\sf@bottom=\skip149
)
(/usr/local/texlive/2022/texmf-dist/tex/latex/mathtools/mathtools.sty
Package: mathtools 2022/06/29 v1.29 mathematical typesetting tools

(/usr/local/texlive/2022/texmf-dist/tex/latex/mathtools/mhsetup.sty
Package: mhsetup 2021/03/18 v1.4 programming setup (MH)
)
(/usr/local/texlive/2022/texmf-dist/tex/latex/amsmath/amsmath.sty
Package: amsmath 2022/04/08 v2.17n AMS math features
\@mathmargin=\skip150

For additional information on amsmath, use the `?' option.
(/usr/local/texlive/2022/texmf-dist/tex/latex/amsmath/amsbsy.sty
Package: amsbsy 1999/11/29 v1.2d Bold Symbols
\pmbraise@=\dimen317
)
(/usr/local/texlive/2022/texmf-dist/tex/latex/amsmath/amsopn.sty
Package: amsopn 2022/04/08 v2.04 operator names
)
\inf@bad=\count498
LaTeX Info: Redefining \frac on input line 234.
\uproot@=\count499
\leftroot@=\count500
LaTeX Info: Redefining \overline on input line 399.
LaTeX Info: Redefining \colon on input line 410.
\classnum@=\count501
\DOTSCASE@=\count502
LaTeX Info: Redefining \ldots on input line 496.
LaTeX Info: Redefining \dots on input line 499.
LaTeX Info: Redefining \cdots on input line 620.
\Mathstrutbox@=\box84
\strutbox@=\box85
LaTeX Info: Redefining \big on input line 722.
LaTeX Info: Redefining \Big on input line 723.
LaTeX Info: Redefining \bigg on input line 724.
LaTeX Info: Redefining \Bigg on input line 725.
\big@size=\dimen318
LaTeX Font Info:    Redeclaring font encoding OML on input line 743.
LaTeX Font Info:    Redeclaring font encoding OMS on input line 744.
\macc@depth=\count503
LaTeX Info: Redefining \bmod on input line 905.
LaTeX Info: Redefining \pmod on input line 910.
LaTeX Info: Redefining \smash on input line 940.
LaTeX Info: Redefining \relbar on input line 970.
LaTeX Info: Redefining \Relbar on input line 971.
\c@MaxMatrixCols=\count504
\dotsspace@=\muskip22
\c@parentequation=\count505
\dspbrk@lvl=\count506
\tag@help=\toks33
\row@=\count507
\column@=\count508
\maxfields@=\count509
\andhelp@=\toks34
\eqnshift@=\dimen319
\alignsep@=\dimen320
\tagshift@=\dimen321
\tagwidth@=\dimen322
\totwidth@=\dimen323
\lineht@=\dimen324
\@envbody=\toks35
\multlinegap=\skip151
\multlinetaggap=\skip152
\mathdisplay@stack=\toks36
LaTeX Info: Redefining \[ on input line 2953.
LaTeX Info: Redefining \] on input line 2954.
)
\g_MT_multlinerow_int=\count510
\l_MT_multwidth_dim=\dimen325
\origjot=\skip153
\l_MT_shortvdotswithinadjustabove_dim=\dimen326
\l_MT_shortvdotswithinadjustbelow_dim=\dimen327
\l_MT_above_intertext_sep=\dimen328
\l_MT_below_intertext_sep=\dimen329
\l_MT_above_shortintertext_sep=\dimen330
\l_MT_below_shortintertext_sep=\dimen331
\xmathstrut@box=\box86
\xmathstrut@dim=\dimen332
)
(/usr/local/texlive/2022/texmf-dist/tex/latex/jknapltx/mathrsfs.sty
Package: mathrsfs 1996/01/01 Math RSFS package v1.0 (jk)
\symrsfs=\mathgroup6
)
(/usr/local/texlive/2022/texmf-dist/tex/latex/algorithm2e/algorithm2e.sty
Invalid UTF-8 byte or sequence at line 284 replaced by U+FFFD.
Invalid UTF-8 byte or sequence at line 299 replaced by U+FFFD.
Invalid UTF-8 byte or sequence at line 550 replaced by U+FFFD.
Package: algorithm2e 2017/07/18 v5.2 algorithms environments
\c@AlgoLine=\count511
\algocf@hangindent=\skip154

(/usr/local/texlive/2022/texmf-dist/tex/latex/ifoddpage/ifoddpage.sty
Package: ifoddpage 2022/10/18 v1.2 Conditionals for odd/even page detection
\c@checkoddpage=\count512
)
(/usr/local/texlive/2022/texmf-dist/tex/latex/tools/xspace.sty
Package: xspace 2014/10/28 v1.13 Space after command names (DPC,MH)
)
(/usr/local/texlive/2022/texmf-dist/tex/latex/relsize/relsize.sty
Package: relsize 2013/03/29 ver 4.1
)
\skiptotal=\skip155
\skiplinenumber=\skip156
\skiprule=\skip157
\skiphlne=\skip158
\skiptext=\skip159
\skiplength=\skip160
\algomargin=\skip161
\skipalgocfslide=\skip162
\algowidth=\dimen333
\inoutsize=\dimen334
\inoutindent=\dimen335
\interspacetitleruled=\dimen336
\interspacealgoruled=\dimen337
\interspacetitleboxruled=\dimen338
\algocf@ruledwidth=\skip163
\algocf@inoutbox=\box87
\algocf@inputbox=\box88
\AlCapSkip=\skip164
\AlCapHSkip=\skip165
\algoskipindent=\skip166
\algocf@nlbox=\box89
\algocf@hangingbox=\box90
\algocf@untilbox=\box91
\algocf@skipuntil=\skip167
\algocf@capbox=\box92
\algocf@lcaptionbox=\skip168
\algoheightruledefault=\skip169
\algoheightrule=\skip170
\algotitleheightruledefault=\skip171
\algotitleheightrule=\skip172
\c@algocfline=\count513
\c@algocfproc=\count514
\c@algocf=\count515
\algocf@algoframe=\box93
\algocf@algobox=\box94
))
(/usr/local/texlive/2022/texmf-dist/tex/latex/algorithms/algorithmic.sty
Invalid UTF-8 byte or sequence at line 11 replaced by U+FFFD.
Package: algorithmic 2009/08/24 v0.1 Document Style `algorithmic'
\c@ALC@unique=\count516
\c@ALC@line=\count517
\c@ALC@rem=\count518
\c@ALC@depth=\count519
\ALC@tlm=\skip173
\algorithmicindent=\skip174
)
(./config/format/general/caption.tex) (./config/format/general/geometry.tex)
(./config/format/major/cs/geometry.tex) (./config/format/general/layout.tex
\listoffiguresnamelen=\skip175
\listoftablesnamelen=\skip176
)
(./config/format/major/cs/layout.tex) (./config/format/general/tables.tex)
(./config/format/major/cs/tables.tex) (./config/format/general/heading.tex)
(./config/format/major/cs/heading.tex) (./config/format/general/fonts.tex

Package xeCJK Warning: Redefining CJKfamily `zhfs' (STFangsong).


Package xeCJK Warning: Redefining CJKfamily `zhhei' (Heiti SC Light).


Package xeCJK Warning: Redefining CJKfamily `zhkai' (Kaiti SC).


Package xeCJK Warning: Redefining CJKfamily `zhsong' (Songti SC Light).


Package xeCJK Warning: Redefining CJKfamily `\CJKrmdefault'
(xeCJK)                (SongtiSCLight(0)).


Package fontspec Warning: Font "STFangsong" does not contain requested Script
(fontspec)                "CJK".


Package fontspec Info: Could not resolve font "STFangsong/I" (it probably
(fontspec)             doesn't exist).


Package fontspec Info: Could not resolve font "STFangsong/BI" (it probably
(fontspec)             doesn't exist).


Package fontspec Info: Could not resolve font "STFangsong/I" (it probably
(fontspec)             doesn't exist).


Package fontspec Info: Font family 'STFangsong(0)' created for font
(fontspec)             'STFangsong' with options
(fontspec)             [Script={CJK},AutoFakeBold={4}].
(fontspec)              
(fontspec)              This font family consists of the following NFSS
(fontspec)             series/shapes:
(fontspec)              
(fontspec)             - 'normal' (m/n) with NFSS spec.:
(fontspec)             <->"STFangsong/OT:language=dflt;"
(fontspec)             - 'small caps'  (m/sc) with NFSS spec.: 
(fontspec)             - 'bold' (b/n) with NFSS spec.:
(fontspec)             <->"STFangsong/OT:language=dflt;embolden=4;"
(fontspec)             - 'bold small caps'  (b/sc) with NFSS spec.: 


Package fontspec Info: Font family 'TimesNewRoman(0)' created for font 'Times
(fontspec)             New Roman' with options [Ligatures=TeX].
(fontspec)              
(fontspec)              This font family consists of the following NFSS
(fontspec)             series/shapes:
(fontspec)              
(fontspec)             - 'normal' (m/n) with NFSS spec.: <->"Times New
(fontspec)             Roman/OT:script=latn;language=dflt;mapping=tex-text;"
(fontspec)             - 'small caps'  (m/sc) with NFSS spec.: 
(fontspec)             - 'bold' (b/n) with NFSS spec.: <->"Times New
(fontspec)             Roman/B/OT:script=latn;language=dflt;mapping=tex-text;"
(fontspec)             - 'bold small caps'  (b/sc) with NFSS spec.: 
(fontspec)             - 'italic' (m/it) with NFSS spec.: <->"Times New
(fontspec)             Roman/I/OT:script=latn;language=dflt;mapping=tex-text;"
(fontspec)             - 'italic small caps'  (m/scit) with NFSS spec.: 
(fontspec)             - 'bold italic' (b/it) with NFSS spec.: <->"Times New
(fontspec)             Roman/BI/OT:script=latn;language=dflt;mapping=tex-text;"

(fontspec)             - 'bold italic small caps'  (b/scit) with NFSS spec.: 

) (./config/format/major/cs/fonts.tex

Package xeCJK Warning: Redefining CJKfamily `\CJKrmdefault' (STFangsong(0)).


Package fontspec Warning: Font "Songti SC Light" does not contain requested
(fontspec)                Script "CJK".


Package fontspec Info: Could not resolve font "Songti SC Bold/I" (it probably
(fontspec)             doesn't exist).


Package fontspec Info: Could not resolve font "Songti SC Light/I" (it probably
(fontspec)             doesn't exist).


Package fontspec Info: Font family 'SongtiSCLight(1)' created for font 'Songti
(fontspec)             SC Light' with options [Script={CJK},BoldFont={Songti
(fontspec)             SC Bold}].
(fontspec)              
(fontspec)              This font family consists of the following NFSS
(fontspec)             series/shapes:
(fontspec)              
(fontspec)             - 'normal' (m/n) with NFSS spec.: <->"Songti SC
(fontspec)             Light/OT:language=dflt;"
(fontspec)             - 'small caps'  (m/sc) with NFSS spec.: 
(fontspec)             - 'bold' (b/n) with NFSS spec.: <->"Songti SC
(fontspec)             Bold/OT:language=dflt;"
(fontspec)             - 'bold small caps'  (b/sc) with NFSS spec.: 
(fontspec)             - 'bold italic' (b/it) with NFSS spec.: <->"Songti SC
(fontspec)             Light/BI/OT:language=dflt;"
(fontspec)             - 'bold italic small caps'  (b/scit) with NFSS spec.: 

) (./config/format/general/reference.tex)
(./config/format/general/numbering.tex) (./config/format/major/cs/numbering.tex
) (./config/format/general/debugging.tex) (./config/format/general/language.tex
) (./config/format/major/cs/code.tex
(/usr/local/texlive/2022/texmf-dist/tex/latex/listings/lstlang1.sty
File: lstlang1.sty 2020/03/24 1.8d listings language file
)
(/usr/local/texlive/2022/texmf-dist/tex/latex/listings/lstmisc.sty
File: lstmisc.sty 2020/03/24 1.8d (Carsten Heinz)
))
(./config/format/general/title.tex)))
\@quotelevel=\count520
\@quotereset=\count521
Package translations Info: No language package found. I am going to use `englis
h' as default language. on input line 163.
 (out/zjuthesis.aux)
\openout1 = `zjuthesis.aux'.

LaTeX Font Info:    Checking defaults for OML/cmm/m/it on input line 163.
LaTeX Font Info:    ... okay on input line 163.
LaTeX Font Info:    Checking defaults for OMS/cmsy/m/n on input line 163.
LaTeX Font Info:    ... okay on input line 163.
LaTeX Font Info:    Checking defaults for OT1/cmr/m/n on input line 163.
LaTeX Font Info:    ... okay on input line 163.
LaTeX Font Info:    Checking defaults for T1/cmr/m/n on input line 163.
LaTeX Font Info:    ... okay on input line 163.
LaTeX Font Info:    Checking defaults for TS1/cmr/m/n on input line 163.
LaTeX Font Info:    ... okay on input line 163.
LaTeX Font Info:    Checking defaults for TU/lmr/m/n on input line 163.
LaTeX Font Info:    ... okay on input line 163.
LaTeX Font Info:    Checking defaults for OMX/cmex/m/n on input line 163.
LaTeX Font Info:    ... okay on input line 163.
LaTeX Font Info:    Checking defaults for U/cmr/m/n on input line 163.
LaTeX Font Info:    ... okay on input line 163.
LaTeX Font Info:    Checking defaults for PD1/pdf/m/n on input line 163.
LaTeX Font Info:    ... okay on input line 163.
LaTeX Font Info:    Checking defaults for PU/pdf/m/n on input line 163.
LaTeX Font Info:    ... okay on input line 163.

*geometry* driver: auto-detecting
*geometry* detected driver: xetex
*geometry* verbose mode - [ preamble ] result:
* driver: xetex
* paper: a4paper
* layout: <same size as paper>
* layoutoffset:(h,v)=(0.0pt,0.0pt)
* modes: includehead includefoot 
* h-part:(L,W,R)=(89.626pt, 418.25586pt, 89.626pt)
* v-part:(T,H,B)=(89.626pt, 664.37212pt, 91.04872pt)
* \paperwidth=597.50787pt
* \paperheight=845.04684pt
* \textwidth=418.25586pt
* \textheight=610.99103pt
* \oddsidemargin=17.35602pt
* \evensidemargin=17.35602pt
* \topmargin=17.35602pt
* \headheight=12.0pt
* \headsep=11.38109pt
* \topskip=12.0pt
* \footskip=30.0pt
* \marginparwidth=0.0pt
* \marginparsep=10.0pt
* \columnsep=10.0pt
* \skip\footins=10.8pt plus 4.0pt minus 2.0pt
* \hoffset=0.0pt
* \voffset=0.0pt
* \mag=1000
* \@twocolumnfalse
* \@twosidefalse
* \@mparswitchfalse
* \@reversemarginfalse
* (1in=72.27pt=25.4mm, 1cm=28.453pt)

Package hyperref Info: Link coloring OFF on input line 163.

Package hyperref Warning: Rerun to get /PageLabels entry.

(/usr/local/texlive/2022/texmf-dist/tex/latex/pdflscape/pdflscape.sty
Package: pdflscape 2019/12/05 v0.12 Display of landscape pages in PDF (HO)

(/usr/local/texlive/2022/texmf-dist/tex/latex/graphics/lscape.sty
Package: lscape 2020/05/28 v3.02 Landscape Pages (DPC)
)
Package pdflscape Info: Auto-detected driver: dvipdfm (xetex) on input line 98.

)
Package biblatex Info: Trying to load language 'english'...
Package biblatex Info: ... file 'english.lbx' found.

(/usr/local/texlive/2022/texmf-dist/tex/latex/biblatex/lbx/english.lbx
File: english.lbx 2022/07/12 v3.18b biblatex localization (PK/MW)
)
Package biblatex Info: XeTeX detected.
(biblatex)             Assuming input encoding 'utf8'.
Package biblatex Info: Automatic encoding selection.
(biblatex)             Assuming data encoding 'utf8'.
\openout3 = `zjuthesis.bcf'.

Package biblatex Info: Trying to load bibliographic data...
Package biblatex Info: ... file 'zjuthesis.bbl' not found.

No file zjuthesis.bbl.
Package biblatex Info: Reference section=0 on input line 163.
Package biblatex Info: Reference segment=0 on input line 163.

(/usr/local/texlive/2022/texmf-dist/tex/latex/translations/translations-basic-d
ictionary-english.trsl
File: translations-basic-dictionary-english.trsl (english translation file `tra
nslations-basic-dictionary')
)
Package translations Info: loading dictionary `translations-basic-dictionary' f
or `english'. on input line 163.
Package caption Info: Begin \AtBeginDocument code.
Package caption Info: subfig package v1.3 is loaded.
Package caption Info: float package is loaded.
Package caption Info: listings package is loaded.
Package caption Info: longtable package is loaded.

(/usr/local/texlive/2022/texmf-dist/tex/latex/caption/ltcaption.sty
Package: ltcaption 2021/01/08 v1.4c longtable captions (AR)
)
Package caption Info: End \AtBeginDocument code.
\c@lstlisting=\count522

(./page/graduate/cover.tex (./page/graduate/cover-chn.tex
*geometry* verbose mode - [ newgeometry ] result:
* driver: xetex
* paper: a4paper
* layout: <same size as paper>
* layoutoffset:(h,v)=(0.0pt,0.0pt)
* modes: 
* h-part:(L,W,R)=(79.6678pt, 438.17227pt, 79.6678pt)
* v-part:(T,H,B)=(62.59596pt, 753.99814pt, 28.45274pt)
* \paperwidth=597.50787pt
* \paperheight=845.04684pt
* \textwidth=438.17227pt
* \textheight=753.99814pt
* \oddsidemargin=7.39781pt
* \evensidemargin=7.39781pt
* \topmargin=-33.05511pt
* \headheight=12.0pt
* \headsep=11.38109pt
* \topskip=12.0pt
* \footskip=30.0pt
* \marginparwidth=0.0pt
* \marginparsep=10.0pt
* \columnsep=10.0pt
* \skip\footins=10.8pt plus 4.0pt minus 2.0pt
* \hoffset=0.0pt
* \voffset=0.0pt
* \mag=1000
* \@twocolumnfalse
* \@twosidefalse
* \@mparswitchfalse
* \@reversemarginfalse
* (1in=72.27pt=25.4mm, 1cm=28.453pt)



Package fontspec Warning: Font "Songti SC Light" does not contain requested
(fontspec)                Script "CJK".

(/usr/local/texlive/2022/texmf-dist/tex/latex/amsfonts/umsa.fd)
(/usr/local/texlive/2022/texmf-dist/tex/latex/amsfonts/umsb.fd)
(/usr/local/texlive/2022/texmf-dist/tex/latex/jknapltx/ursfs.fd)
File: figure//logo/zjuchar.jpg Graphic file (type bmp)
<figure//logo/zjuchar.jpg>
File: figure//logo/zju.pdf Graphic file (type pdf)
<use figure//logo/zju.pdf>

Overfull \hbox (44.7164pt too wide) in paragraph at lines 152--152
 []|                                 |   []                                | 
 []

[1


]) (./page/graduate/title-chn.tex

Package fontspec Warning: Font "STFangsong" does not contain requested Script
(fontspec)                "CJK".

File: figure//logo/zju.pdf Graphic file (type pdf)
<use figure//logo/zju.pdf>
[2


]) (./page/graduate/title-eng.tex [3]
File: figure//logo/zju.pdf Graphic file (type pdf)
<use figure//logo/zju.pdf>
 [4

]) (./page/graduate/auth-claim.tex
[5]

Package fontspec Warning: Font "Kaiti SC" does not contain requested Script
(fontspec)                "CJK".


Package fontspec Info: Could not resolve font "Kaiti SC Bold/I" (it probably
(fontspec)             doesn't exist).


Package fontspec Info: Could not resolve font "Kaiti SC/BI" (it probably
(fontspec)             doesn't exist).


Package fontspec Info: Could not resolve font "Kaiti SC/I" (it probably
(fontspec)             doesn't exist).


Package fontspec Info: Font family 'KaitiSC(0)' created for font 'Kaiti SC'
(fontspec)             with options [Script={CJK},BoldFont={Kaiti SC Bold}].
(fontspec)              
(fontspec)              This font family consists of the following NFSS
(fontspec)             series/shapes:
(fontspec)              
(fontspec)             - 'normal' (m/n) with NFSS spec.: <->"Kaiti
(fontspec)             SC/OT:language=dflt;"
(fontspec)             - 'small caps'  (m/sc) with NFSS spec.: 
(fontspec)             - 'bold' (b/n) with NFSS spec.: <->"Kaiti SC
(fontspec)             Bold/OT:language=dflt;"
(fontspec)             - 'bold small caps'  (b/sc) with NFSS spec.: 

)) [6

] (./page/graduate/previous.tex (./page/graduate/abstract.tex

Package fontspec Warning: Font "Heiti SC" does not contain requested Script
(fontspec)                "CJK".


Package fontspec Info: Could not resolve font "Heiti SC Medium/I" (it probably
(fontspec)             doesn't exist).


Package fontspec Info: Could not resolve font "Heiti SC/I" (it probably
(fontspec)             doesn't exist).


Package fontspec Info: Font family 'HeitiSC(0)' created for font 'Heiti SC'
(fontspec)             with options [Script={CJK},BoldFont={Heiti SC Medium}].
(fontspec)              
(fontspec)              This font family consists of the following NFSS
(fontspec)             series/shapes:
(fontspec)              
(fontspec)             - 'normal' (m/n) with NFSS spec.: <->"Heiti
(fontspec)             SC/OT:language=dflt;"
(fontspec)             - 'small caps'  (m/sc) with NFSS spec.: 
(fontspec)             - 'bold' (b/n) with NFSS spec.: <->"Heiti SC
(fontspec)             Medium/OT:language=dflt;"
(fontspec)             - 'bold small caps'  (b/sc) with NFSS spec.: 
(fontspec)             - 'bold italic' (b/it) with NFSS spec.: <->"Heiti
(fontspec)             SC/BI/OT:language=dflt;"
(fontspec)             - 'bold italic small caps'  (b/scit) with NFSS spec.: 


Package fancyhdr Warning: \headheight is too small (12.0pt): 
(fancyhdr)                Make it at least 14.45398pt, for example:
(fancyhdr)                \setlength{\headheight}{14.45398pt}.
(fancyhdr)                You might also make \topmargin smaller to compensate:

(fancyhdr)                \addtolength{\topmargin}{-2.45398pt}.

[1



]

Package fancyhdr Warning: \headheight is too small (12.0pt): 
(fancyhdr)                Make it at least 14.45398pt, for example:
(fancyhdr)                \setlength{\headheight}{14.45398pt}.
(fancyhdr)                You might also make \topmargin smaller to compensate:

(fancyhdr)                \addtolength{\topmargin}{-2.45398pt}.

[2

])) (./page/graduate/toc.tex

Package fancyhdr Warning: \headheight is too small (12.0pt): 
(fancyhdr)                Make it at least 14.45398pt, for example:
(fancyhdr)                \setlength{\headheight}{14.45398pt}.
(fancyhdr)                You might also make \topmargin smaller to compensate:

(fancyhdr)                \addtolength{\topmargin}{-2.45398pt}.

[3]
No file zjuthesis.toc.
\tf@toc=\write4
\openout4 = `zjuthesis.toc'.


Package fancyhdr Warning: \headheight is too small (12.0pt): 
(fancyhdr)                Make it at least 14.45398pt, for example:
(fancyhdr)                \setlength{\headheight}{14.45398pt}.
(fancyhdr)                You might also make \topmargin smaller to compensate:

(fancyhdr)                \addtolength{\topmargin}{-2.45398pt}.

[4

]
No file zjuthesis.lof.
\tf@lof=\write5
\openout5 = `zjuthesis.lof'.


Package fancyhdr Warning: \headheight is too small (12.0pt): 
(fancyhdr)                Make it at least 14.45398pt, for example:
(fancyhdr)                \setlength{\headheight}{14.45398pt}.
(fancyhdr)                You might also make \topmargin smaller to compensate:

(fancyhdr)                \addtolength{\topmargin}{-2.45398pt}.

[5

]
No file zjuthesis.lot.
\tf@lot=\write6
\openout6 = `zjuthesis.lot'.

)

Package fancyhdr Warning: \headheight is too small (12.0pt): 
(fancyhdr)                Make it at least 14.45398pt, for example:
(fancyhdr)                \setlength{\headheight}{14.45398pt}.
(fancyhdr)                You might also make \topmargin smaller to compensate:

(fancyhdr)                \addtolength{\topmargin}{-2.45398pt}.

[6

] (./body/graduate/content.tex (./body/graduate/intro.tex
1
[1


]

LaTeX Warning: Citation 'gagast' on page 2 undefined on input line 14.


LaTeX Warning: Citation 'nakamura2019singing' on page 2 undefined on input line
 16.


LaTeX Warning: Citation 'lee2019adversarially' on page 2 undefined on input lin
e 16.


LaTeX Warning: Citation 'blaauw2020sequence' on page 2 undefined on input line 
16.


LaTeX Warning: Citation 'ren2020deepsinger' on page 2 undefined on input line 1
6.


LaTeX Warning: Citation 'chen2020hifisinger' on page 2 undefined on input line 
16.


Overfull \hbox (254.36195pt too wide) in paragraph at lines 16--17
\TU/SongtiSCLight(1)/m/n/12.045                        
  $[]$|
 []


LaTeX Warning: Citation 'lee2019adversarially' on page 2 undefined on input lin
e 18.


LaTeX Warning: Citation 'chen2020hifisinger' on page 2 undefined on input line 
18.

[2]

LaTeX Warning: Citation 'sohl2015deep' on page 3 undefined on input line 20.


LaTeX Warning: Citation 'Ho2020ddpm' on page 3 undefined on input line 20.


LaTeX Warning: Citation 'song2021denoising' on page 3 undefined on input line 2
0.


LaTeX Warning: Citation 'Ho2020ddpm' on page 3 undefined on input line 20.


LaTeX Warning: Citation 'song2021denoising' on page 3 undefined on input line 2
0.


LaTeX Warning: Citation 'chen2021wavegrad' on page 3 undefined on input line 21
.


LaTeX Warning: Citation 'kong2021diffwave' on page 3 undefined on input line 21
.

File: figure/ast/exp.pdf Graphic file (type pdf)
<use figure/ast/exp.pdf>

LaTeX Warning: Citation 'nmt' on page 3 undefined on input line 31.


LaTeX Warning: Citation 'vaswani2017attention' on page 3 undefined on input lin
e 31.


LaTeX Warning: Citation 'hassan2018achieving' on page 3 undefined on input line
 31.


LaTeX Warning: Reference `fig:task_exp' on page 3 undefined on input line 31.


LaTeX Warning: Citation 'three_d_of_singability' on page 3 undefined on input l
ine 31.

[3]

LaTeX Warning: Citation 'gagast' on page 4 undefined on input line 33.


LaTeX Warning: Citation '' on page 4 undefined on input line 33.


LaTeX Warning: Citation 'interplay_lyrics_melody' on page 4 undefined on input 
line 33.


LaTeX Warning: Citation '' on page 4 undefined on input line 33.

[4] [5]) (./body/graduate/related.tex [6]
2

LaTeX Warning: Citation 'spanish_verse' on page 7 undefined on input line 7.


LaTeX Warning: Citation 'Manurung2004AnEA' on page 7 undefined on input line 7.



LaTeX Warning: Citation 'He_Zhou_Jiang_2012' on page 7 undefined on input line 
7.


LaTeX Warning: Citation 'ghazvininejad-etal-2016-generating' on page 7 undefine
d on input line 8.


LaTeX Warning: Citation 'ghazvininejad-etal-2017-hafez' on page 7 undefined on 
input line 8.


LaTeX Warning: Citation 'ghazvininejad-etal-2018-neural' on page 7 undefined on
 input line 8.


LaTeX Warning: Citation 'interplay_lyrics_melody' on page 7 undefined on input 
line 10.


LaTeX Warning: Citation 'low_2003' on page 7 undefined on input line 10.


LaTeX Warning: Citation 'low2008translating' on page 7 undefined on input line 
10.


LaTeX Warning: Citation 'low_2022' on page 7 undefined on input line 10.


LaTeX Warning: Citation 'three_d_of_singability' on page 7 undefined on input l
ine 10.


LaTeX Warning: Citation 'trans_of_music' on page 7 undefined on input line 10.

File: figure/related/teacher-forcing.pdf Graphic file (type pdf)
<use figure/related/teacher-forcing.pdf>

Overfull \hbox (27.43079pt too wide) in paragraph at lines 7--18
\TU/SongtiSCLight(1)/m/n/12.045                    $[]$|
 []


Overfull \hbox (221.97711pt too wide) in paragraph at lines 7--18
\TU/SongtiSCLight(1)/m/n/12.045                        
 $[]$|
 []


Overfull \hbox (104.61954pt too wide) in paragraph at lines 7--18
\TU/SongtiSCLight(1)/m/n/12.045              $[]$\TU/TimesNewRoma
n(0)/m/n/12.045 .
 []


LaTeX Warning: Citation 'gagast' on page 7 undefined on input line 20.


LaTeX Warning: Citation 'hokamp-liu-2017-lexically' on page 7 undefined on inpu
t line 21.


LaTeX Warning: Citation 'zou_controllable' on page 7 undefined on input line 21
.


LaTeX Warning: Citation 'relyme' on page 7 undefined on input line 21.

[7

]
File: figure/related/decoded_constrain.pdf Graphic file (type pdf)
<use figure/related/decoded_constrain.pdf>


LaTeX Warning: Citation 'relyme' on page 8 undefined on input line 35.


LaTeX Warning: Citation '' on page 8 undefined on input line 35.

[8]

LaTeX Warning: Citation 'li-etal-2020-rigid' on page 9 undefined on input line 
50.


LaTeX Warning: Citation 'lakew-etal-2019-controlling' on page 9 undefined on in
put line 50.


LaTeX Warning: Citation 'saboo-baumann-2019-integration' on page 9 undefined on
 input line 50.

File: figure/related/train_constrain.pdf Graphic file (type pdf)
<use figure/related/train_constrain.pdf>

LaTeX Warning: Citation 'li-etal-2020-rigid' on page 9 undefined on input line 
53.


LaTeX Warning: Citation '' on page 9 undefined on input line 53.


LaTeX Warning: Citation 'li-etal-2020-rigid' on page 9 undefined on input line 
53.


LaTeX Warning: Citation '' on page 9 undefined on input line 53.


Overfull \hbox (18.86143pt too wide) in paragraph at lines 50--56
\TU/SongtiSCLight(1)/m/n/12.045              |          
       $[]$
 []


Overfull \hbox (0.83588pt too wide) in paragraph at lines 50--56
\TU/SongtiSCLight(1)/m/n/12.045                $[]$|
 []


LaTeX Warning: `!h' float specifier changed to `!ht'.


LaTeX Warning: Citation 'lee-etal-2019-icomposer' on page 9 undefined on input 
line 61.


LaTeX Warning: Citation 'Chen2020MelodyConditionedLG' on page 9 undefined on in
put line 61.


LaTeX Warning: Citation 'songmass' on page 9 undefined on input line 61.


LaTeX Warning: Citation 'telemelody' on page 9 undefined on input line 61.


LaTeX Warning: Citation 'ai_lyricist' on page 9 undefined on input line 61.


LaTeX Warning: Citation 'xue-etal-2021-deeprapper' on page 9 undefined on input
 line 61.


LaTeX Warning: Citation 'songmass' on page 9 undefined on input line 63.


LaTeX Warning: Citation 'telemelody' on page 9 undefined on input line 63.


LaTeX Warning: Reference `fig:attn_diag' on page 9 undefined on input line 63.

File: figure/related/digattn.pdf Graphic file (type pdf)
<use figure/related/digattn.pdf>
File: figure/related/GuidedAttention.png Graphic file (type bmp)
<figure/related/GuidedAttention.png>

Overfull \hbox (333.29816pt too wide) in paragraph at lines 60--110
\TU/SongtiSCLight(1)/m/n/12.045                       |
      $[]$
 []

[9] [10]

LaTeX Warning: Citation 'act' on page 11 undefined on input line 111.


LaTeX Warning: Citation '' on page 11 undefined on input line 111.

File: figure/related/act.png Graphic file (type bmp)
<figure/related/act.png>

LaTeX Warning: Reference `fig:act_rnn' on page 11 undefined on input line 117.

[11]

LaTeX Warning: Citation 'macon1997concatenation' on page 12 undefined on input 
line 126.


LaTeX Warning: Citation 'kenmochi2007vocaloid' on page 12 undefined on input li
ne 126.


LaTeX Warning: Citation 'saino2006hmm' on page 12 undefined on input line 126.


LaTeX Warning: Citation 'oura2010recent' on page 12 undefined on input line 126
.


LaTeX Warning: Citation 'nishimura2016singing' on page 12 undefined on input li
ne 126.


LaTeX Warning: Citation 'blaauw2017neural' on page 12 undefined on input line 1
26.


LaTeX Warning: Citation 'kim2018korean' on page 12 undefined on input line 126.



LaTeX Warning: Citation 'nakamura2019singing' on page 12 undefined on input lin
e 126.


LaTeX Warning: Citation 'gu2020bytesing' on page 12 undefined on input line 126
.


LaTeX Warning: Citation '' on page 12 undefined on input line 126.


Overfull \hbox (253.11752pt too wide) in paragraph at lines 126--128
\TU/SongtiSCLight(1)/m/n/12.045       | []\TU/TimesNewRoman(0)/m/n/12.0
45 ,[],[],[],[][]\TU/SongtiSCLight(1)/m/n/12.045 
 []

[12]
File: figure/related/tacotron2.pdf Graphic file (type pdf)
<use figure/related/tacotron2.pdf>


LaTeX Warning: Citation 'tacotron' on page 13 undefined on input line 134.


LaTeX Warning: Citation 'GriffinLim' on page 13 undefined on input line 134.


LaTeX Warning: Citation 'shen2018natural' on page 13 undefined on input line 13
4.


LaTeX Warning: Citation 'vanwavenet' on page 13 undefined on input line 134.


LaTeX Warning: Citation 'gsttacotron' on page 13 undefined on input line 135.


LaTeX Warning: Citation '' on page 13 undefined on input line 135.


LaTeX Warning: Citation 'reftacotron' on page 13 undefined on input line 135.


LaTeX Warning: Citation '' on page 13 undefined on input line 135.


LaTeX Warning: Citation 'nonattentivetacotron' on page 13 undefined on input li
ne 136.


LaTeX Warning: Citation '' on page 13 undefined on input line 136.


LaTeX Warning: Citation 'durian' on page 13 undefined on input line 136.


LaTeX Warning: Citation '' on page 13 undefined on input line 136.


LaTeX Warning: Citation 'wavetacotron' on page 13 undefined on input line 137.


LaTeX Warning: Citation 'transformertts' on page 13 undefined on input line 139
.


LaTeX Warning: Citation '' on page 13 undefined on input line 139.


LaTeX Warning: Citation 'transformertts' on page 13 undefined on input line 140
.


LaTeX Warning: Citation '' on page 13 undefined on input line 140.


LaTeX Warning: Citation 'robutrans' on page 13 undefined on input line 140.

File: figure/related/transformertts_a.jpg Graphic file (type bmp)
<figure/related/transformertts_a.jpg>
File: figure/related/transformertts_b.jpg Graphic file (type bmp)
<figure/related/transformertts_b.jpg>

Overfull \hbox (3.68445pt too wide) in paragraph at lines 145--149
[][][][] 
 []


Overfull \hbox (227.2396pt too wide) in paragraph at lines 129--151
\TU/SongtiSCLight(1)/m/n/12.045                        
   | [][][][]
 []

[13]

LaTeX Warning: Citation 'ren2019fastspeech' on page 14 undefined on input line 
155.


LaTeX Warning: Citation '' on page 14 undefined on input line 155.

File: figure/related/fs2.pdf Graphic file (type pdf)
<use figure/related/fs2.pdf>

LaTeX Warning: Citation 'ren2019fastspeech' on page 14 undefined on input line 
159.


LaTeX Warning: Citation 'ren2019fastspeech' on page 14 undefined on input line 
159.

File: figure/related/bvaetts.png Graphic file (type bmp)
<figure/related/bvaetts.png>

LaTeX Warning: Citation 'lee2020bidirectional' on page 14 undefined on input li
ne 165.


LaTeX Warning: Citation 'lee2020bidirectional' on page 14 undefined on input li
ne 165.

[14] [15]

LaTeX Warning: Citation 'waveglow' on page 16 undefined on input line 169.


LaTeX Warning: Citation '' on page 16 undefined on input line 169.


LaTeX Warning: Citation 'kim2020glow' on page 16 undefined on input line 169.


LaTeX Warning: Citation '' on page 16 undefined on input line 169.


LaTeX Warning: Citation 'kim2020glow' on page 16 undefined on input line 169.


LaTeX Warning: Citation '' on page 16 undefined on input line 169.


LaTeX Warning: Citation 'kim2020glow' on page 16 undefined on input line 170.


LaTeX Warning: Citation '' on page 16 undefined on input line 170.

File: figure/related/glowtts_a.pdf Graphic file (type pdf)
<use figure/related/glowtts_a.pdf>
File: figure/related/glowtts_b.pdf Graphic file (type pdf)
<use figure/related/glowtts_b.pdf>

Overfull \hbox (3.68445pt too wide) in paragraph at lines 174--178
[][][][] 
 []


Overfull \hbox (96.84927pt too wide) in paragraph at lines 168--181
[]\TU/SongtiSCLight(1)/m/n/12.045         |         [][][][]

 []

[16] [17]

LaTeX Warning: Citation 'ren2020deepsinger' on page 18 undefined on input line 
183.


LaTeX Warning: Citation '' on page 18 undefined on input line 183.


LaTeX Warning: Citation 'blaauw2020sequence' on page 18 undefined on input line
 183.


LaTeX Warning: Citation '' on page 18 undefined on input line 183.


LaTeX Warning: Citation 'GAN' on page 18 undefined on input line 184.


LaTeX Warning: Citation '' on page 18 undefined on input line 184.


LaTeX Warning: Citation 'lee2019adversarially' on page 18 undefined on input li
ne 186.


LaTeX Warning: Citation '' on page 18 undefined on input line 186.


LaTeX Warning: Citation 'wu2020adversarially' on page 18 undefined on input lin
e 186.


LaTeX Warning: Citation '' on page 18 undefined on input line 186.


LaTeX Warning: Citation 'chen2020hifisinger' on page 18 undefined on input line
 186.


LaTeX Warning: Citation '' on page 18 undefined on input line 186.


LaTeX Warning: Citation 'Ho2020ddpm' on page 18 undefined on input line 194.


LaTeX Warning: Citation 'sohl2015deep' on page 18 undefined on input line 195.


LaTeX Warning: Citation '' on page 18 undefined on input line 195.


LaTeX Warning: Citation 'Ho2020ddpm' on page 18 undefined on input line 195.


LaTeX Warning: Citation '' on page 18 undefined on input line 195.


LaTeX Warning: Citation 'song2019generative' on page 18 undefined on input line
 195.


LaTeX Warning: Citation 'song2021scorebased' on page 18 undefined on input line
 195.

File: figure/related/ddpm.pdf Graphic file (type pdf)
<use figure/related/ddpm.pdf>

LaTeX Warning: Citation 'kong2021diffwave' on page 18 undefined on input line 2
00.


LaTeX Warning: Citation '' on page 18 undefined on input line 200.


LaTeX Warning: Citation 'chen2021wavegrad' on page 18 undefined on input line 2
00.


LaTeX Warning: Citation '' on page 18 undefined on input line 200.

File: figure/related/diffwave.png Graphic file (type bmp)
<figure/related/diffwave.png>

LaTeX Warning: Citation 'kong2021diffwave' on page 18 undefined on input line 2
03.


LaTeX Warning: Citation 'kong2021diffwave' on page 18 undefined on input line 2
03.


LaTeX Warning: Citation 'chen2021wavegrad' on page 18 undefined on input line 2
05.


LaTeX Warning: Citation '' on page 18 undefined on input line 205.


LaTeX Warning: Citation 'song2021denoising' on page 18 undefined on input line 
205.


LaTeX Warning: Citation '' on page 18 undefined on input line 205.


LaTeX Warning: Reference `sec:svs' on page 18 undefined on input line 205.


Overfull \hbox (79.9354pt too wide) in paragraph at lines 194--206
\TU/SongtiSCLight(1)/m/n/12.045                     |   
     [][]
 []


Overfull \hbox (196.67819pt too wide) in paragraph at lines 194--206
\TU/SongtiSCLight(1)/m/n/12.045                    | [][] 
[][] 
 []


Overfull \hbox (103.25406pt too wide) in paragraph at lines 194--206
\TU/SongtiSCLight(1)/m/n/12.045                |        
    | [][] 
 []

[18] [19]) (./body/graduate/ast.tex [20]
3
File: figure/ast/pipeline.pdf Graphic file (type pdf)
<use figure/ast/pipeline.pdf>

LaTeX Warning: Reference `fig:model' on page 21 undefined on input line 13.


LaTeX Warning: Citation 'gagast' on page 21 undefined on input line 14.


LaTeX Warning: Citation '' on page 21 undefined on input line 14.


LaTeX Warning: Citation 'bart' on page 21 undefined on input line 14.


LaTeX Warning: Reference `fig:align_enc' on page 21 undefined on input line 17.



LaTeX Warning: Reference `fig:align_dec' on page 21 undefined on input line 18.


[21

]
File: figure/ast/note-pooling.pdf Graphic file (type pdf)
<use figure/ast/note-pooling.pdf>
 [22]

Package fontspec Warning: Font "STFangsong" does not contain requested Script
(fontspec)                "CJK".

[23]
Missing character: There is no  ("FF0C) in font cmr12!

LaTeX Warning: Reference `eq:md_embed' on page 24 undefined on input line 72.


LaTeX Warning: Citation 'act' on page 24 undefined on input line 78.


LaTeX Warning: Reference `fig:align_dec' on page 24 undefined on input line 79.



LaTeX Warning: Reference `fig:act_gp' on page 24 undefined on input line 79.

File: figure/ast/alignment_decoder.pdf Graphic file (type pdf)
<use figure/ast/alignment_decoder.pdf>
File: figure/ast/act_gp.pdf Graphic file (type pdf)
<use figure/ast/act_gp.pdf>

Overfull \hbox (3.68445pt too wide) in paragraph at lines 84--89
[][][][] 
 []

[24]

LaTeX Warning: Reference `eq:cumsum' on page 25 undefined on input line 102.


LaTeX Warning: Reference `fig:align_dec' on page 25 undefined on input line 104
.

[25]

LaTeX Warning: Reference `fig:act_gp' on page 26 undefined on input line 117.


LaTeX Warning: Reference `subsec:act' on page 26 undefined on input line 126.


LaTeX Warning: Citation 'act' on page 26 undefined on input line 128.

[26] [27]

LaTeX Warning: Citation 'backtrans' on page 28 undefined on input line 164.

[28]
File: figure/ast/backtrans_curriculum.pdf Graphic file (type pdf)
<use figure/ast/backtrans_curriculum.pdf>


LaTeX Warning: Citation 'songmass' on page 29 undefined on input line 181.


LaTeX Warning: Citation '' on page 29 undefined on input line 181.


LaTeX Warning: Citation 'diffsinger' on page 29 undefined on input line 182.

[29]

LaTeX Warning: Citation 'LMD' on page 30 undefined on input line 196.


LaTeX Warning: Reference `tab:dataset_stat' on page 30 undefined on input line 
197.

[30]
File: figure/ast/da_pipeline.pdf Graphic file (type pdf)
<use figure/ast/da_pipeline.pdf>
 [31]

LaTeX Warning: Reference `fig:musicxml_exp' on page 32 undefined on input line 
235.

File: figure/ast/musicxml_exp.png Graphic file (type bmp)
<figure/ast/musicxml_exp.png>
LaTeX Font Info:    Font shape `TU/lmtt/bx/n' in size <10.53937> not available
(Font)              Font shape `TU/lmtt/b/n' tried instead on input line 239.

LaTeX Warning: Reference `fig:lyric_exp1' on page 32 undefined on input line 24
2.


LaTeX Warning: Reference `fig:lyric_exp2' on page 32 undefined on input line 24
2.


LaTeX Warning: Reference `fig:lyric_exp3' on page 32 undefined on input line 24
2.

File: figure/ast/lyric_exp1.png Graphic file (type bmp)
<figure/ast/lyric_exp1.png>

Overfull \hbox (1.84222pt too wide) in paragraph at lines 249--249
 [][] 
 []

File: figure/ast/lyric_exp2.png Graphic file (type bmp)
<figure/ast/lyric_exp2.png>

Overfull \hbox (1.84222pt too wide) in paragraph at lines 253--253
 [][] 
 []

File: figure/ast/lyric_exp3.png Graphic file (type bmp)
<figure/ast/lyric_exp3.png>

Overfull \hbox (1.84222pt too wide) in paragraph at lines 257--258
 [][] 
 []

[32]

LaTeX Warning: Citation 'gagast' on page 33 undefined on input line 263.

[33] [34]

LaTeX Warning: Reference `tab:pretrain_data' on page 35 undefined on input line
 274.

File: figure/ast/MOS_eval_page.pdf Graphic file (type pdf)
<use figure/ast/MOS_eval_page.pdf>

LaTeX Warning: Citation 'ren2020deepsinger' on page 35 undefined on input line 
304.


LaTeX Warning: Citation '' on page 35 undefined on input line 304.


Overfull \hbox (132.40508pt too wide) in paragraph at lines 304--309
[]\TU/SongtiSCLight(1)/m/n/12.045                  |     
|   []   |[][]
 []

[35]

LaTeX Warning: Reference `tab:subjective' on page 36 undefined on input line 31
2.


LaTeX Warning: Reference `sec:metric' on page 36 undefined on input line 315.


LaTeX Warning: Reference `tab:objective' on page 36 undefined on input line 340
.


LaTeX Warning: Reference `tab:subjective' on page 36 undefined on input line 41
7.

File: figure/ast/hists/gagast_align_hist.pdf Graphic file (type pdf)
<use figure/ast/hists/gagast_align_hist.pdf>
File: figure/ast/hists/baseline_align_hist.pdf Graphic file (type pdf)
<use figure/ast/hists/baseline_align_hist.pdf>

Overfull \hbox (3.68445pt too wide) in paragraph at lines 426--430
 [][][][] 
 []


LaTeX Warning: Reference `fig:align_hist1' on page 36 undefined on input line 4
33.


LaTeX Warning: Reference `tab:objective' on page 36 undefined on input line 434
.

File: figure/ast/hists/gagast_align_hist.pdf Graphic file (type pdf)
<use figure/ast/hists/gagast_align_hist.pdf>
File: figure/ast/hists/ltag_align_hist.pdf Graphic file (type pdf)
<use figure/ast/hists/ltag_align_hist.pdf>

Overfull \hbox (3.68445pt too wide) in paragraph at lines 441--445
 [][][][] 
 []


LaTeX Warning: Reference `tab:subjective' on page 36 undefined on input line 44
8.

[36] [37] [38]

LaTeX Warning: Reference `tab:subjective' on page 39 undefined on input line 45
3.

File: figure/ast/analysis_cases/exp_en_1.pdf Graphic file (type pdf)
<use figure/ast/analysis_cases/exp_en_1.pdf>
File: figure/ast/analysis_cases/exp_zh_2.pdf Graphic file (type pdf)
<use figure/ast/analysis_cases/exp_zh_2.pdf>

Overfull \hbox (0.66682pt too wide) in paragraph at lines 463--463
 [][] 
 []

File: figure/ast/analysis_cases/exp_gagast_zh_1.pdf Graphic file (type pdf)
<use figure/ast/analysis_cases/exp_gagast_zh_1.pdf>
File: figure/ast/analysis_cases/exp_gagast_en_2.pdf Graphic file (type pdf)
<use figure/ast/analysis_cases/exp_gagast_en_2.pdf>

Overfull \hbox (4.85345pt too wide) in paragraph at lines 467--467
 [][] 
 []

File: figure/ast/analysis_cases/exp_baseline_zh_1.pdf Graphic file (type pdf)
<use figure/ast/analysis_cases/exp_baseline_zh_1.pdf>
File: figure/ast/analysis_cases/exp_baseline_en_2.pdf Graphic file (type pdf)
<use figure/ast/analysis_cases/exp_baseline_en_2.pdf>

Overfull \hbox (4.85345pt too wide) in paragraph at lines 471--471
 [][] 
 []

File: figure/ast/analysis_cases/exp_LTAG_zh_1.pdf Graphic file (type pdf)
<use figure/ast/analysis_cases/exp_LTAG_zh_1.pdf>
File: figure/ast/analysis_cases/exp_LTAG_en_2.pdf Graphic file (type pdf)
<use figure/ast/analysis_cases/exp_LTAG_en_2.pdf>

Overfull \hbox (4.85345pt too wide) in paragraph at lines 475--475
 [][] 
 []


LaTeX Warning: Reference `fig:score_analysis' on page 39 undefined on input lin
e 479.

[39]

LaTeX Warning: `!h' float specifier changed to `!ht'.

[40]) (./body/graduate/svs.tex [41] [42]
4

LaTeX Warning: Citation 'Ho2020ddpm' on page 43 undefined on input line 43.


LaTeX Warning: Citation 'kong2021diffwave' on page 43 undefined on input line 4
3.


LaTeX Warning: Citation 'song2021denoising' on page 43 undefined on input line 
43.


LaTeX Warning: Reference `fig:two_process' on page 43 undefined on input line 4
3.

File: figure/svs/diffusion-new.pdf Graphic file (type pdf)
<use figure/svs/diffusion-new.pdf>

LaTeX Warning: Citation 'Ho2020ddpm' on page 43 undefined on input line 51.

[43

]

LaTeX Warning: Citation 'Ho2020ddpm' on page 44 undefined on input line 59.


LaTeX Warning: Citation 'nichol2021improved' on page 44 undefined on input line
 59.


LaTeX Warning: Citation 'Ho2020ddpm' on page 44 undefined on input line 59.

[44]

LaTeX Warning: Citation 'Ho2020ddpm' on page 45 undefined on input line 83.


LaTeX Warning: Reference `eq:opt_tgtA' on page 45 undefined on input line 92.


LaTeX Warning: Reference `eq:one_step_noise' on page 45 undefined on input line
 97.


LaTeX Warning: Reference `eq:opt_tgtB' on page 45 undefined on input line 101.

[45]

LaTeX Warning: Reference `fig:main_fig' on page 46 undefined on input line 109.



LaTeX Warning: Reference `fig:main_fig' on page 46 undefined on input line 114.



LaTeX Warning: Reference `fig:main_fig_sub1' on page 46 undefined on input line
 114.


LaTeX Warning: Reference `eq:opt_tgtC' on page 46 undefined on input line 114.


LaTeX Warning: Reference `fig:main_fig_sub2' on page 46 undefined on input line
 114.


LaTeX Warning: Citation 'Ho2020ddpm' on page 46 undefined on input line 115.


LaTeX Warning: Citation 'kong2021diffwave' on page 46 undefined on input line 1
15.


LaTeX Warning: Reference `eq:reverse_step' on page 46 undefined on input line 1
15.


LaTeX Warning: Reference `eq:mu_parameterization' on page 46 undefined on input
 line 115.

[46]

LaTeX Warning: Citation 'vaswani2017attention' on page 47 undefined on input li
ne 125.


LaTeX Warning: Citation 'ren2020deepsinger' on page 47 undefined on input line 
125.


LaTeX Warning: Citation '' on page 47 undefined on input line 125.

File: figure/svs/Encoder.pdf Graphic file (type pdf)
<use figure/svs/Encoder.pdf>
File: figure/svs/denoiser.pdf Graphic file (type pdf)
<use figure/svs/denoiser.pdf>

LaTeX Warning: Citation 'vanwavenet' on page 47 undefined on input line 140.


LaTeX Warning: Citation 'vanwavenet' on page 47 undefined on input line 140.


LaTeX Warning: `!h' float specifier changed to `!ht'.


LaTeX Warning: Reference `eq:opt_tgtC' on page 47 undefined on input line 144.


LaTeX Warning: Citation 'vaswani2017attention' on page 47 undefined on input li
ne 144.


LaTeX Warning: Citation 'sohl2015deep' on page 47 undefined on input line 146.


LaTeX Warning: Citation 'kong2021diffwave' on page 47 undefined on input line 1
46.


LaTeX Warning: Citation 'rethage2018wavenet' on page 47 undefined on input line
 147.


LaTeX Warning: Citation 'kong2021diffwave' on page 47 undefined on input line 1
47.


LaTeX Warning: Citation '' on page 47 undefined on input line 147.


LaTeX Warning: Citation 'vanwavenet' on page 47 undefined on input line 148.

File: figure/svs/model_a.pdf Graphic file (type pdf)
<use figure/svs/model_a.pdf>
File: figure/svs/model_b.pdf Graphic file (type pdf)
<use figure/svs/model_b.pdf>

Overfull \hbox (3.68445pt too wide) in paragraph at lines 155--161
 [][][][] 
 []


LaTeX Warning: Reference `fig:main_fig_sub1' on page 47 undefined on input line
 161.


LaTeX Warning: Reference `fig:main_fig_sub1' on page 47 undefined on input line
 161.


Overfull \hbox (73.87477pt too wide) in paragraph at lines 146--164
\TU/SongtiSCLight(1)/m/n/12.045          |   |      []\TU/Ti
mesNewRoman(0)/m/n/12.045 ,[][]
 []


Overfull \hbox (10.82112pt too wide) in paragraph at lines 146--164
\TU/SongtiSCLight(1)/m/n/12.045          \TU/TimesNewRoman(0)/m/n/12.0
45 WaveNet$[]$\TU/SongtiSCLight(1)/m/n/12.045             |    
\TU/TimesNewRoman(0)/m/n/12.045 WaveNet
 []

[47]

LaTeX Warning: `!h' float specifier changed to `!ht'.


LaTeX Warning: Citation 'ren2020deepsinger' on page 48 undefined on input line 
166.


LaTeX Warning: Citation 'mcauliffe2017montreal' on page 48 undefined on input l
ine 166.


LaTeX Warning: Citation 'wu2020adversarially' on page 48 undefined on input lin
e 166.


LaTeX Warning: Citation 'blaauw2020sequence' on page 48 undefined on input line
 166.


LaTeX Warning: Citation 'ren2020deepsinger' on page 48 undefined on input line 
166.


LaTeX Warning: Citation '' on page 48 undefined on input line 166.


Overfull \hbox (197.59497pt too wide) in paragraph at lines 166--168
\TU/SongtiSCLight(1)/m/n/12.045      $\OML/cmm/m/it/12.045 F[]$ |\TU/Songt
iSCLight(1)/m/n/12.045  |       |   []\TU/TimesNewRoman(0)/m/n/12.
045 ,[],[][]\TU/SongtiSCLight(1)/m/n/12.045 
 []

[48] [49]

LaTeX Warning: Reference `sec:svs_inference' on page 50 undefined on input line
 169.


LaTeX Font Warning: Font shape `TU/SongtiSCLight(1)/m/it' undefined
(Font)              using `TU/SongtiSCLight(1)/m/n' instead on input line 169.


LaTeX Warning: Citation 'blaauw2020sequence' on page 50 undefined on input line
 169.


LaTeX Warning: Citation 'morise2016world' on page 50 undefined on input line 16
9.


LaTeX Warning: Citation 'wu2020adversarially' on page 50 undefined on input lin
e 170.

File: figure/svs/auxiliary_decoder.pdf Graphic file (type pdf)
<use figure/svs/auxiliary_decoder.pdf>

LaTeX Warning: `!h' float specifier changed to `!ht'.


LaTeX Warning: Reference `fig:fake_real_mels_diffusion' on page 50 undefined on
 input line 188.


LaTeX Warning: Reference `sec:svs_intro' on page 50 undefined on input line 190
.

File: figure/svs/fake_real_mel.pdf Graphic file (type pdf)
<use figure/svs/fake_real_mel.pdf>

LaTeX Warning: Reference `fig:manifolds' on page 50 undefined on input line 197
.

File: figure/svs/manifold.pdf Graphic file (type pdf)
<use figure/svs/manifold.pdf>

LaTeX Warning: Citation 'diffsinger' on page 50 undefined on input line 204.


LaTeX Warning: Reference `fig:manifolds' on page 50 undefined on input line 204
.


LaTeX Warning: Reference `fig:main_fig_sub1' on page 50 undefined on input line
 206.


LaTeX Warning: Reference `fig:main_fig_sub2' on page 50 undefined on input line
 206.


LaTeX Warning: Reference `eq:one_step_noise' on page 50 undefined on input line
 206.

[50]

LaTeX Warning: `!h' float specifier changed to `!ht'.

[51] [52]

LaTeX Warning: Reference `alg:training' on page 53 undefined on input line 212.



LaTeX Warning: Reference `alg:sampling' on page 53 undefined on input line 212.



LaTeX Warning: Reference `eq:one_step_noise' on page 53 undefined on input line
 273.


LaTeX Warning: `!h' float specifier changed to `!ht'.

[53]
Missing character: There is no  ("FF0C) in font cmr12!
Missing character: There is no  ("FF5B) in font cmr12!
Missing character: There is no  ("FF5B) in font cmr12!
Missing character: There is no  ("FF5D) in font cmr12!
[54]

LaTeX Warning: Citation 'ren2020deepsinger' on page 55 undefined on input line 
294.


LaTeX Warning: Citation '' on page 55 undefined on input line 294.


LaTeX Warning: Citation 'ren2021fastspeech' on page 55 undefined on input line 
296.


LaTeX Warning: Reference `alg:training' on page 55 undefined on input line 303.



LaTeX Warning: Citation 'yamamoto2020parallel' on page 55 undefined on input li
ne 304.


LaTeX Warning: Citation 'wang2020using' on page 55 undefined on input line 304.



LaTeX Warning: Citation 'chen2020hifisinger' on page 55 undefined on input line
 304.


LaTeX Warning: Citation '' on page 55 undefined on input line 304.

[55]

LaTeX Warning: Reference `tab:main_exp' on page 56 undefined on input line 306.



LaTeX Warning: Citation 'wu2020adversarially' on page 56 undefined on input lin
e 306.


LaTeX Warning: Reference `tab:ablations' on page 56 undefined on input line 329
.

Missing character: There is no  ("FF1D) in font cmr12!

LaTeX Warning: Reference `fig:case_study' on page 56 undefined on input line 35
5.


LaTeX Warning: Reference `fig:case_fsadv' on page 56 undefined on input line 35
5.


LaTeX Warning: Reference `fig:case_diff' on page 56 undefined on input line 355
.


LaTeX Warning: Reference `fig:case_fs2' on page 56 undefined on input line 355.


File: figure/svs/case_GT.png Graphic file (type bmp)
<figure/svs/case_GT.png>
File: figure/svs/case_diffmel.png Graphic file (type bmp)
<figure/svs/case_diffmel.png>

Overfull \hbox (3.68445pt too wide) in paragraph at lines 363--368
 [][][][] 
 []

File: figure/svs/case_fsadv.png Graphic file (type bmp)
<figure/svs/case_fsadv.png>
File: figure/svs/case_fs2.png Graphic file (type bmp)
<figure/svs/case_fs2.png>

Overfull \hbox (3.68445pt too wide) in paragraph at lines 373--379
 [][][][] 
 []


LaTeX Warning: Reference `suptab:model_size' on page 56 undefined on input line
 383.


Overfull \hbox (3.77464pt too wide) in paragraph at lines 410--438
 [] 
 []


LaTeX Warning: `!h' float specifier changed to `!ht'.


LaTeX Warning: `!h' float specifier changed to `!ht'.

[56] [57]

LaTeX Warning: `!h' float specifier changed to `!ht'.


LaTeX Warning: Reference `fig:pitch_range_mos' on page 58 undefined on input li
ne 455.


LaTeX Warning: Reference `fig:pitch_range_delta' on page 58 undefined on input 
line 455.

[58]

LaTeX Warning: Citation 'diffsinger' on page 59 undefined on input line 458.

) [59] [60]
5
[61

]) [62] (./body/graduate/post.tex (./body/graduate/post/ref.tex

LaTeX Warning: Empty bibliography on input line 4.

) (./body/graduate/post/cv.tex) (./page/graduate/acknowledgement.tex [63




]))

Package caption Warning: Unused \captionsetup[lstlisting] on input line 54.
See the caption package documentation for explanation.

[64


] (out/zjuthesis.aux)

LaTeX Font Warning: Size substitutions with differences
(Font)              up to 1.22pt have occurred.


LaTeX Font Warning: Some font shapes were not available, defaults substituted.


LaTeX Warning: There were undefined references.


LaTeX Warning: Label(s) may have changed. Rerun to get cross-references right.


Package biblatex Warning: Please (re)run Biber on the file:
(biblatex)                zjuthesis
(biblatex)                and rerun LaTeX afterwards.

Package logreq Info: Writing requests to 'zjuthesis.run.xml'.
\openout1 = `zjuthesis.run.xml'.

 ) 
Here is how much of TeX's memory you used:
 37715 strings out of 475744
 830972 string characters out of 5799089
 1674678 words of memory out of 5000000
 58129 multiletter control sequences out of 15000+600000
 494282 words of font info for 203 fonts, out of 8000000 for 9000
 1348 hyphenation exceptions out of 8191
 103i,18n,111p,1224b,1762s stack positions out of 10000i,1000n,20000p,200000b,200000s

Output written on out/zjuthesis.xdv (76 pages, 808124 bytes).
